2025-02-15 22:21:30,967 [INFO] Activator:176 - 


2025-02-15 22:21:30,972 [INFO] Activator:177 - !SESSION log4j initialized
2025-02-15 22:21:34,744 [INFO] LogOutputStream:77 - [STDOUT_REDIRECT] 
2025-02-15 22:21:40,654 [INFO] ApplicationProperties:184 - Using Application install path: C:\ST\STM32CubeIDE_1.15.1\STM32CubeIDE\plugins\com.st.stm32cube.common.mx_6.11.1.202404110753
2025-02-15 22:21:40,669 [INFO] DbMcusXml:78 - Set database path to: C:\ST\STM32CubeIDE_1.15.1\STM32CubeIDE\plugins\com.st.stm32cube.common.mx_6.11.1.202404110753\\db\/mcu/
2025-02-15 22:21:40,669 [INFO] ApiDb:274 - Set plugin database path to: C:\ST\STM32CubeIDE_1.15.1\STM32CubeIDE\plugins\com.st.stm32cube.common.mx_6.11.1.202404110753\\db\/plugins/boardmanager/
2025-02-15 22:21:40,670 [WARN] ApiDb:259 - Overriding images path with different value:  => C:\ST\STM32CubeIDE_1.15.1\STM32CubeIDE\plugins\com.st.stm32cube.common.mx_6.11.1.202404110753\\db\/plugins/mcufinder/images/
2025-02-15 22:21:40,673 [INFO] ApiDb:250 - Set database path to: C:\Users\lmthu\.stmcufinder\plugins\mcufinder//mcu/
2025-02-15 22:21:40,674 [INFO] DbMcusAds:125 - Set database path to: C:\Users\lmthu\.stmcufinder\plugins\mcufinder//mcu/
2025-02-15 22:21:40,676 [INFO] CrossReferenceDbSqlite:203 - Set database path to: C:\Users\lmthu\.stmcufinder\plugins\mcufinder//mcu/cs/
2025-02-15 22:21:40,762 [INFO] RulesReader:64 - Compatibility file has been processed (297 Rules)
2025-02-15 22:21:40,823 [INFO] DbMcusXml:78 - Set database path to: C:\ST\STM32CubeIDE_1.15.1\STM32CubeIDE\plugins\com.st.stm32cube.common.mx_6.11.1.202404110753\\db\/mcu/
2025-02-15 22:21:40,823 [INFO] ApiDb:274 - Set plugin database path to: C:\ST\STM32CubeIDE_1.15.1\STM32CubeIDE\plugins\com.st.stm32cube.common.mx_6.11.1.202404110753\\db\/plugins/boardmanager/
2025-02-15 22:21:40,824 [INFO] ApiDb:261 - Set plugin images path to: C:\ST\STM32CubeIDE_1.15.1\STM32CubeIDE\plugins\com.st.stm32cube.common.mx_6.11.1.202404110753\\db\/plugins/mcufinder/images/
2025-02-15 22:21:40,824 [WARN] DbFile:41 - Overriding database path with different value: C:\Users\lmthu\.stmcufinder\plugins\mcufinder/ => C:\Users\lmthu\.stmcufinder\plugins\mcufinder
2025-02-15 22:21:40,824 [INFO] ApiDb:250 - Set database path to: C:\Users\lmthu\.stmcufinder\plugins\mcufinder//mcu/
2025-02-15 22:21:40,824 [WARN] DbFile:41 - Overriding database path with different value: C:\Users\lmthu\.stmcufinder\plugins\mcufinder/ => C:\Users\lmthu\.stmcufinder\plugins\mcufinder
2025-02-15 22:21:40,824 [INFO] DbMcusAds:125 - Set database path to: C:\Users\lmthu\.stmcufinder\plugins\mcufinder//mcu/
2025-02-15 22:21:40,824 [WARN] DbFile:41 - Overriding database path with different value: C:\Users\lmthu\.stmcufinder\plugins\mcufinder/ => C:\Users\lmthu\.stmcufinder\plugins\mcufinder
2025-02-15 22:21:40,824 [WARN] DbFile:41 - Overriding database path with different value: C:\Users\lmthu\.stmcufinder\plugins\mcufinder/ => C:\Users\lmthu\.stmcufinder\plugins\mcufinder
2025-02-15 22:21:40,824 [INFO] CrossReferenceDbSqlite:203 - Set database path to: C:\Users\lmthu\.stmcufinder\plugins\mcufinder//mcu/cs/
2025-02-15 22:21:40,891 [INFO] MainPanel:264 - HeapMemory: 268435456
2025-02-15 22:21:40,953 [INFO] DbMcusXml:78 - Set database path to: C:\ST\STM32CubeIDE_1.15.1\STM32CubeIDE\plugins\com.st.stm32cube.common.mx_6.11.1.202404110753\\db\/mcu/
2025-02-15 22:21:40,953 [INFO] ApiDb:274 - Set plugin database path to: C:\ST\STM32CubeIDE_1.15.1\STM32CubeIDE\plugins\com.st.stm32cube.common.mx_6.11.1.202404110753\\db\/plugins/boardmanager/
2025-02-15 22:21:40,953 [INFO] ApiDb:261 - Set plugin images path to: C:\ST\STM32CubeIDE_1.15.1\STM32CubeIDE\plugins\com.st.stm32cube.common.mx_6.11.1.202404110753\\db\/plugins/mcufinder/images/
2025-02-15 22:21:40,954 [WARN] DbFile:41 - Overriding database path with different value: C:\Users\lmthu\.stmcufinder\plugins\mcufinder/ => C:\Users\lmthu\.stmcufinder\plugins\mcufinder
2025-02-15 22:21:40,954 [INFO] ApiDb:250 - Set database path to: C:\Users\lmthu\.stmcufinder\plugins\mcufinder//mcu/
2025-02-15 22:21:40,954 [WARN] DbFile:41 - Overriding database path with different value: C:\Users\lmthu\.stmcufinder\plugins\mcufinder/ => C:\Users\lmthu\.stmcufinder\plugins\mcufinder
2025-02-15 22:21:40,954 [INFO] DbMcusAds:125 - Set database path to: C:\Users\lmthu\.stmcufinder\plugins\mcufinder//mcu/
2025-02-15 22:21:40,954 [WARN] DbFile:41 - Overriding database path with different value: C:\Users\lmthu\.stmcufinder\plugins\mcufinder/ => C:\Users\lmthu\.stmcufinder\plugins\mcufinder
2025-02-15 22:21:40,954 [WARN] DbFile:41 - Overriding database path with different value: C:\Users\lmthu\.stmcufinder\plugins\mcufinder/ => C:\Users\lmthu\.stmcufinder\plugins\mcufinder
2025-02-15 22:21:40,954 [INFO] CrossReferenceDbSqlite:203 - Set database path to: C:\Users\lmthu\.stmcufinder\plugins\mcufinder//mcu/cs/
2025-02-15 22:21:40,968 [INFO] ApplicationProperties:184 - Using Application install path: C:\ST\STM32CubeIDE_1.15.1\STM32CubeIDE\plugins\com.st.stm32cube.common.mx_6.11.1.202404110753
2025-02-15 22:21:40,970 [INFO] PluginManage:196 - Search for loadable plugins [exclusion list=, ]
2025-02-15 22:21:40,970 [INFO] PluginManage:310 - Check plugin analytics
2025-02-15 22:21:45,632 [INFO] AnalyticsPlugin:253 - Accepted Software Licenses: STM32CubeMX.6.11.1
2025-02-15 22:21:45,632 [INFO] AnalyticsPlugin:255 - Accepted CMSIS Pack Licenses: 
2025-02-15 22:21:45,632 [INFO] AnalyticsPlugin:257 - Accepted Firmware Licenses: FW.F4.1.28.0
2025-02-15 22:21:45,634 [INFO] PluginManage:359 - Loaded plugin analytics (category:tool,tabindex:-1)
2025-02-15 22:21:45,634 [INFO] PluginManage:310 - Check plugin cadmodel
2025-02-15 22:21:45,638 [INFO] CADModel:105 - Init CAD model plugin
2025-02-15 22:21:45,638 [INFO] PluginManage:359 - Loaded plugin cadmodel (category:power,tabindex:5)
2025-02-15 22:21:45,639 [INFO] PluginManage:310 - Check plugin clock
2025-02-15 22:21:45,653 [INFO] PluginManage:359 - Loaded plugin clock (category:base,tabindex:2)
2025-02-15 22:21:45,653 [INFO] PluginManage:310 - Check plugin ddr
2025-02-15 22:21:45,657 [INFO] PluginManage:359 - Loaded plugin ddr (category:tool,tabindex:6)
2025-02-15 22:21:45,657 [INFO] PluginManage:310 - Check plugin filemanager
2025-02-15 22:21:45,766 [INFO] PluginManage:359 - Loaded plugin filemanager (category:base,tabindex:10)
2025-02-15 22:21:45,766 [INFO] PluginManage:310 - Check plugin ipmanager
2025-02-15 22:21:45,771 [INFO] PluginManage:359 - Loaded plugin ipmanager (category:base,tabindex:5)
2025-02-15 22:21:45,771 [INFO] PluginManage:310 - Check plugin lpbam
2025-02-15 22:21:45,778 [INFO] PluginManage:359 - Loaded plugin lpbam (category:base,tabindex:0)
2025-02-15 22:21:45,778 [INFO] PluginManage:310 - Check plugin memorymap
2025-02-15 22:21:45,789 [INFO] PluginManage:359 - Loaded plugin memorymap (category:base,tabindex:4)
2025-02-15 22:21:45,789 [INFO] PluginManage:310 - Check plugin pinoutandconfiguration
2025-02-15 22:21:45,796 [INFO] PluginManage:359 - Loaded plugin pinoutandconfiguration (category:base,tabindex:1)
2025-02-15 22:21:45,796 [INFO] PluginManage:310 - Check plugin pinoutconfig
2025-02-15 22:21:45,893 [WARN] SupportedApi:132 - Cannot load RTOS API schema: s4s-elt-must-match.1: The content of 'definitions' must match (annotation?, (simpleType | complexType)?, (unique | key | keyref)*)). A problem was found starting at: attribute.
2025-02-15 22:21:46,007 [INFO] PluginManage:359 - Loaded plugin pinoutconfig (category:base,tabindex:0)
2025-02-15 22:21:46,007 [INFO] PluginManage:310 - Check plugin power
2025-02-15 22:21:46,013 [INFO] PluginManage:359 - Loaded plugin power (category:power,tabindex:4)
2025-02-15 22:21:46,013 [INFO] PluginManage:310 - Check plugin projectmanager
2025-02-15 22:21:46,026 [INFO] PluginManage:359 - Loaded plugin projectmanager (category:projectmanager,tabindex:3)
2025-02-15 22:21:46,026 [INFO] PluginManage:310 - Check plugin thirdparty
2025-02-15 22:21:46,110 [INFO] PluginManage:359 - Loaded plugin thirdparty (category:base,tabindex:-1)
2025-02-15 22:21:46,110 [WARN] IntegrityCheckThread:84 - waiting for thirdparty lock release [integrity check]
2025-02-15 22:21:46,110 [INFO] PluginManage:310 - Check plugin tools
2025-02-15 22:21:46,110 [INFO] IntegrityCheckThread:86 - entering critical section [integrity check]
2025-02-15 22:21:46,111 [INFO] ThirdPartyUpdaterWithRetryManager:70 - Updater plugin not ready yet. [1/15]
2025-02-15 22:21:46,112 [INFO] PluginManage:359 - Loaded plugin tools (category:base,tabindex:7)
2025-02-15 22:21:46,112 [INFO] PluginManage:310 - Check plugin tutovideos
2025-02-15 22:21:46,236 [INFO] PluginManage:359 - Loaded plugin tutovideos (category:base,tabindex:-1)
2025-02-15 22:21:46,236 [INFO] PluginManage:310 - Check plugin updater
2025-02-15 22:21:46,247 [INFO] PluginManage:359 - Loaded plugin updater (category:base,tabindex:12)
2025-02-15 22:21:46,247 [INFO] PluginManage:310 - Check plugin userauth
2025-02-15 22:21:46,252 [INFO] UserAuth:114 - Init User Auth plugin
2025-02-15 22:21:46,252 [INFO] PluginManage:359 - Loaded plugin userauth (category:base,tabindex:14)
2025-02-15 22:21:46,252 [INFO] PluginManage:283 - PluginManage : Loaded plugins [17]
2025-02-15 22:21:46,417 [INFO] PinOutPanel:1561 - setPackage(No Configuration,No Configuration)
2025-02-15 22:21:46,468 [INFO] CADModel:165 - CPN selected for project level
2025-02-15 22:21:46,468 [INFO] CADModel:114 - Register for checkConnection events
2025-02-15 22:21:46,480 [INFO] IPUIPlugin:80 - create IPUIPlugin
2025-02-15 22:21:46,480 [INFO] PluginManager:220 - loadIPPluginJar : add adc
2025-02-15 22:21:46,481 [INFO] IPUIPlugin:80 - create IPUIPlugin
2025-02-15 22:21:46,481 [INFO] PluginManager:220 - loadIPPluginJar : add aes
2025-02-15 22:21:46,483 [INFO] IPUIPlugin:80 - create IPUIPlugin
2025-02-15 22:21:46,483 [INFO] PluginManager:220 - loadIPPluginJar : add can
2025-02-15 22:21:46,484 [INFO] IPUIPlugin:80 - create IPUIPlugin
2025-02-15 22:21:46,484 [INFO] PluginManager:220 - loadIPPluginJar : add comp
2025-02-15 22:21:46,486 [INFO] IPUIPlugin:80 - create IPUIPlugin
2025-02-15 22:21:46,486 [INFO] PluginManager:220 - loadIPPluginJar : add cryp
2025-02-15 22:21:46,488 [INFO] IPUIPlugin:80 - create IPUIPlugin
2025-02-15 22:21:46,488 [INFO] PluginManager:220 - loadIPPluginJar : add dfsdm
2025-02-15 22:21:46,492 [INFO] IPUIPlugin:80 - create IPUIPlugin
2025-02-15 22:21:46,493 [INFO] PluginManager:220 - loadIPPluginJar : add dma
2025-02-15 22:21:46,495 [INFO] IPUIPlugin:80 - create IPUIPlugin
2025-02-15 22:21:46,495 [INFO] PluginManager:220 - loadIPPluginJar : add dma3
2025-02-15 22:21:46,497 [INFO] IPUIPlugin:80 - create IPUIPlugin
2025-02-15 22:21:46,497 [INFO] PluginManager:220 - loadIPPluginJar : add extmemmanager
2025-02-15 22:21:46,498 [INFO] IPUIPlugin:80 - create IPUIPlugin
2025-02-15 22:21:46,498 [INFO] PluginManager:220 - loadIPPluginJar : add fatfs
2025-02-15 22:21:46,501 [INFO] IPUIPlugin:80 - create IPUIPlugin
2025-02-15 22:21:46,501 [INFO] PluginManager:220 - loadIPPluginJar : add fmc
2025-02-15 22:21:46,505 [INFO] IPUIPlugin:80 - create IPUIPlugin
2025-02-15 22:21:46,506 [INFO] PluginManager:220 - loadIPPluginJar : add freertos
2025-02-15 22:21:46,507 [INFO] IPUIPlugin:80 - create IPUIPlugin
2025-02-15 22:21:46,507 [INFO] PluginManager:220 - loadIPPluginJar : add genericplugin
2025-02-15 22:21:46,510 [INFO] IPUIPlugin:80 - create IPUIPlugin
2025-02-15 22:21:46,511 [INFO] PluginManager:220 - loadIPPluginJar : add gfxmmu
2025-02-15 22:21:46,518 [INFO] IPUIPlugin:80 - create IPUIPlugin
2025-02-15 22:21:46,518 [INFO] PluginManager:220 - loadIPPluginJar : add gic
2025-02-15 22:21:46,521 [INFO] IPUIPlugin:80 - create IPUIPlugin
2025-02-15 22:21:46,521 [INFO] PluginManager:220 - loadIPPluginJar : add gpio
2025-02-15 22:21:46,523 [INFO] IPUIPlugin:80 - create IPUIPlugin
2025-02-15 22:21:46,523 [INFO] PluginManager:220 - loadIPPluginJar : add gtzc
2025-02-15 22:21:46,525 [INFO] IPUIPlugin:80 - create IPUIPlugin
2025-02-15 22:21:46,525 [INFO] PluginManager:220 - loadIPPluginJar : add hash
2025-02-15 22:21:46,527 [INFO] IPUIPlugin:80 - create IPUIPlugin
2025-02-15 22:21:46,527 [INFO] PluginManager:220 - loadIPPluginJar : add i2c
2025-02-15 22:21:46,529 [INFO] IPUIPlugin:80 - create IPUIPlugin
2025-02-15 22:21:46,529 [INFO] PluginManager:220 - loadIPPluginJar : add i2s
2025-02-15 22:21:46,531 [INFO] IPUIPlugin:80 - create IPUIPlugin
2025-02-15 22:21:46,531 [INFO] PluginManager:220 - loadIPPluginJar : add i3c
2025-02-15 22:21:46,534 [INFO] IPUIPlugin:80 - create IPUIPlugin
2025-02-15 22:21:46,534 [INFO] PluginManager:220 - loadIPPluginJar : add ipddr
2025-02-15 22:21:46,540 [INFO] IPUIPlugin:80 - create IPUIPlugin
2025-02-15 22:21:46,540 [INFO] PluginManager:220 - loadIPPluginJar : add linkedlist
2025-02-15 22:21:46,542 [INFO] IPUIPlugin:80 - create IPUIPlugin
2025-02-15 22:21:46,542 [INFO] PluginManager:220 - loadIPPluginJar : add lorawan
2025-02-15 22:21:46,543 [INFO] IPUIPlugin:80 - create IPUIPlugin
2025-02-15 22:21:46,543 [INFO] PluginManager:220 - loadIPPluginJar : add ltdc
2025-02-15 22:21:46,548 [INFO] IPUIPlugin:80 - create IPUIPlugin
2025-02-15 22:21:46,548 [INFO] PluginManager:220 - loadIPPluginJar : add mdma
2025-02-15 22:21:46,551 [INFO] IPUIPlugin:80 - create IPUIPlugin
2025-02-15 22:21:46,551 [INFO] PluginManager:220 - loadIPPluginJar : add nvic
2025-02-15 22:21:46,553 [INFO] IPUIPlugin:80 - create IPUIPlugin
2025-02-15 22:21:46,553 [INFO] PluginManager:220 - loadIPPluginJar : add opamp
2025-02-15 22:21:46,555 [INFO] IPUIPlugin:80 - create IPUIPlugin
2025-02-15 22:21:46,555 [INFO] PluginManager:220 - loadIPPluginJar : add openamp
2025-02-15 22:21:46,557 [INFO] IPUIPlugin:80 - create IPUIPlugin
2025-02-15 22:21:46,557 [INFO] PluginManager:220 - loadIPPluginJar : add pdm2pcm
2025-02-15 22:21:46,562 [INFO] IPUIPlugin:80 - create IPUIPlugin
2025-02-15 22:21:46,563 [INFO] PluginManager:220 - loadIPPluginJar : add plateformsettings
2025-02-15 22:21:46,564 [INFO] IPUIPlugin:80 - create IPUIPlugin
2025-02-15 22:21:46,564 [INFO] PluginManager:220 - loadIPPluginJar : add quadspi
2025-02-15 22:21:46,567 [INFO] IPUIPlugin:80 - create IPUIPlugin
2025-02-15 22:21:46,567 [INFO] PluginManager:220 - loadIPPluginJar : add resmgrutility
2025-02-15 22:21:46,568 [INFO] IPUIPlugin:80 - create IPUIPlugin
2025-02-15 22:21:46,568 [INFO] PluginManager:220 - loadIPPluginJar : add sai
2025-02-15 22:21:46,570 [INFO] IPUIPlugin:80 - create IPUIPlugin
2025-02-15 22:21:46,570 [INFO] PluginManager:220 - loadIPPluginJar : add spi
2025-02-15 22:21:46,573 [INFO] IPUIPlugin:80 - create IPUIPlugin
2025-02-15 22:21:46,573 [INFO] PluginManager:220 - loadIPPluginJar : add stm32_wpan
2025-02-15 22:21:46,574 [INFO] IPUIPlugin:80 - create IPUIPlugin
2025-02-15 22:21:46,574 [INFO] PluginManager:220 - loadIPPluginJar : add tim
2025-02-15 22:21:46,576 [INFO] IPUIPlugin:80 - create IPUIPlugin
2025-02-15 22:21:46,576 [INFO] PluginManager:220 - loadIPPluginJar : add touchsensing
2025-02-15 22:21:46,577 [INFO] IPUIPlugin:80 - create IPUIPlugin
2025-02-15 22:21:46,577 [INFO] PluginManager:220 - loadIPPluginJar : add tracer_emb
2025-02-15 22:21:46,578 [INFO] IPUIPlugin:80 - create IPUIPlugin
2025-02-15 22:21:46,578 [INFO] PluginManager:220 - loadIPPluginJar : add ts
2025-02-15 22:21:46,579 [INFO] IPUIPlugin:80 - create IPUIPlugin
2025-02-15 22:21:46,579 [INFO] PluginManager:220 - loadIPPluginJar : add tsc
2025-02-15 22:21:46,580 [INFO] IPUIPlugin:80 - create IPUIPlugin
2025-02-15 22:21:46,580 [INFO] PluginManager:220 - loadIPPluginJar : add ucpd
2025-02-15 22:21:46,582 [INFO] IPUIPlugin:80 - create IPUIPlugin
2025-02-15 22:21:46,582 [INFO] PluginManager:220 - loadIPPluginJar : add usart
2025-02-15 22:21:46,584 [INFO] IPUIPlugin:80 - create IPUIPlugin
2025-02-15 22:21:46,584 [INFO] PluginManager:220 - loadIPPluginJar : add usbx
2025-02-15 22:21:46,702 [INFO] CADModel:165 - CPN selected for project level
2025-02-15 22:21:46,702 [INFO] CADModel:114 - Register for checkConnection events
2025-02-15 22:21:46,702 [FATAL] Updater:308 - Updater called before beeing initialized
2025-02-15 22:21:46,702 [ERROR] CADModel:125 - Updater not yet initialized, retry later 
2025-02-15 22:21:46,803 [INFO] CADModel:165 - CPN selected for project level
2025-02-15 22:21:46,803 [INFO] CADModel:114 - Register for checkConnection events
2025-02-15 22:21:46,803 [FATAL] Updater:308 - Updater called before beeing initialized
2025-02-15 22:21:46,803 [ERROR] CADModel:125 - Updater not yet initialized, retry later 
2025-02-15 22:21:46,806 [FATAL] Updater:308 - Updater called before beeing initialized
2025-02-15 22:21:46,893 [FATAL] Updater:308 - Updater called before beeing initialized
2025-02-15 22:21:46,897 [INFO] DbMcusAds:53 - JSON generation date=Tue Dec 17 23:01:15 ICT 2024 (1734451275111)
2025-02-15 22:21:46,897 [FATAL] Updater:308 - Updater called before beeing initialized
2025-02-15 22:21:46,920 [WARN] DetailPanel:346 - Failed to get advertising image, set to default
2025-02-15 22:21:46,976 [FATAL] Updater:308 - Updater called before beeing initialized
2025-02-15 22:21:46,977 [FATAL] Updater:308 - Updater called before beeing initialized
2025-02-15 22:21:46,977 [FATAL] Updater:308 - Updater called before beeing initialized
2025-02-15 22:21:46,977 [WARN] DetailPanel:346 - Failed to get advertising image, set to default
2025-02-15 22:21:46,978 [FATAL] Updater:308 - Updater called before beeing initialized
2025-02-15 22:21:47,006 [ERROR] Updater:1120 - MainUpdater not yet initialized. External WinMGr cannot be set.
2025-02-15 22:21:47,008 [INFO] Updater:1056 - Updater Version found : 6.11.1
2025-02-15 22:21:47,022 [INFO] ApplicationProperties:184 - Using Application install path: C:\ST\STM32CubeIDE_1.15.1\STM32CubeIDE\plugins\com.st.stm32cube.common.mx_6.11.1.202404110753
2025-02-15 22:21:48,595 [ERROR] LogOutputStream:75 - [STDERR_REDIRECT] Feb 15, 2025 10:21:48 PM java.util.prefs.WindowsPreferences <init>
2025-02-15 22:21:48,595 [ERROR] LogOutputStream:75 - [STDERR_REDIRECT] WARNING: Could not open/create prefs root node Software\JavaSoft\Prefs at root 0xffffffff80000002. Windows RegCreateKeyEx(...) returned error code 5.
2025-02-15 22:21:48,596 [ERROR] LogOutputStream:75 - [STDERR_REDIRECT] 
2025-02-15 22:21:48,941 [INFO] MainUpdater:2873 - connection check result : 10
2025-02-15 22:21:48,942 [INFO] MainUpdater:290 - Updater Check For Update Now.
2025-02-15 22:21:48,943 [INFO] MicroXplorer:498 - Change Database Version : DB.6.0.111
2025-02-15 22:21:48,954 [INFO] McuFinderGlobals:63 - Set McuFinder mode to 2 (CubeIDE integrated)
2025-02-15 22:21:48,968 [INFO] UserAuth:415 - Internet connection configuration mode: 1
2025-02-15 22:21:49,002 [INFO] JxBrowserEngine:152 - Initiate JxBrowser Engine with user profile folder
2025-02-15 22:21:49,112 [WARN] MainUpdater:1194 - Updater busy. Cannot search thirdparties
2025-02-15 22:21:49,112 [INFO] ThirdPartyUpdaterWithRetryManager:96 - Updater plugin is busy. [1/15]
2025-02-15 22:21:49,115 [INFO] CheckServerUpdateThread:120 - End of CheckServer Thread
2025-02-15 22:21:49,410 [INFO] WebApp:161 - Instantiating new browser for Auth
2025-02-15 22:21:49,787 [INFO] WebApp:779 - Register for checkConnection events
2025-02-15 22:21:49,787 [INFO] WebApp:414 - Apply proxy settings
2025-02-15 22:21:49,787 [INFO] WebApp:499 - Chromium requires no authentication
2025-02-15 22:21:49,794 [INFO] WebApp:442 - Direct internet connection detected
2025-02-15 22:21:49,904 [INFO] WebApp:192 - Starting web application
2025-02-15 22:21:49,904 [INFO] WebApp:544 - Web application path used C:\ST\STM32CubeIDE_1.15.1\STM32CubeIDE\plugins\com.st.stm32cube.common.mx_6.11.1.202404110753\db\plugins\mcufinder\reactClient1\index.html
2025-02-15 22:21:52,231 [WARN] PackLoader:240 - Cannot read IP mode file for STMicroelectronics.FP-SNS-MOTENVWB1.1.4.0
2025-02-15 22:21:52,241 [WARN] PackLoader:240 - Cannot read IP mode file for STMicroelectronics.FP-ATR-ASTRA1.2.0.1
2025-02-15 22:21:52,249 [WARN] PackLoader:240 - Cannot read IP mode file for STMicroelectronics.X-CUBE-SMBUS.2.1.0
2025-02-15 22:21:52,256 [WARN] PackLoader:240 - Cannot read IP mode file for STMicroelectronics.X-CUBE-WB05N.1.1.0
2025-02-15 22:21:52,266 [WARN] PackLoader:240 - Cannot read IP mode file for STMicroelectronics.X-CUBE-TOUCHGFX.4.23.2
2025-02-15 22:21:52,287 [WARN] PackLoader:240 - Cannot read IP mode file for STMicroelectronics.X-CUBE-AZRTOS-F7.1.1.0
2025-02-15 22:21:52,332 [WARN] PackLoader:240 - Cannot read IP mode file for STMicroelectronics.X-CUBE-MEMS1.11.0.0
2025-02-15 22:21:52,424 [WARN] PackLoader:240 - Cannot read IP mode file for STMicroelectronics.FP-SNS-FLIGHT1.5.0.2
2025-02-15 22:21:52,435 [WARN] PackLoader:240 - Cannot read IP mode file for STMicroelectronics.X-CUBE-DISPLAY.3.0.0
2025-02-15 22:21:52,446 [WARN] PackLoader:240 - Cannot read IP mode file for STMicroelectronics.X-CUBE-BLE1.7.0.0
2025-02-15 22:21:52,471 [WARN] PackLoader:240 - Cannot read IP mode file for STMicroelectronics.X-CUBE-NFC10.1.0.0
2025-02-15 22:21:52,482 [WARN] PackLoader:240 - Cannot read IP mode file for STMicroelectronics.X-CUBE-BLEMGR.4.0.0
2025-02-15 22:21:52,487 [WARN] PackLoader:240 - Cannot read IP mode file for emotas.I-CUBE-CANOPEN.1.3.0
2025-02-15 22:21:52,504 [WARN] PackLoader:240 - Cannot read IP mode file for STMicroelectronics.X-CUBE-BLEMGR.3.1.0
2025-02-15 22:21:52,507 [WARN] PackLoader:240 - Cannot read IP mode file for STMicroelectronics.X-CUBE-AI.10.0.0
2025-02-15 22:21:52,511 [WARN] PackLoader:240 - Cannot read IP mode file for STMicroelectronics.FP-SNS-SMARTAG2.1.2.0
2025-02-15 22:21:52,538 [WARN] PackLoader:240 - Cannot read IP mode file for STMicroelectronics.X-CUBE-MEMS1.11.1.0
2025-02-15 22:21:52,625 [INFO] LogOutputStream:77 - [STDOUT_REDIRECT] 1 : Invalid condition id : UX_CORESTACK_Condition cause : null
2025-02-15 22:21:52,626 [INFO] LogOutputStream:77 - [STDOUT_REDIRECT] 1 : Invalid condition id : UX_CORESTACK_Condition cause : null
2025-02-15 22:21:52,627 [INFO] LogOutputStream:77 - [STDOUT_REDIRECT] 1 : Invalid condition id : UX_CORESTACK_Condition cause : null
2025-02-15 22:21:52,628 [INFO] LogOutputStream:77 - [STDOUT_REDIRECT] 1 : Invalid condition id : UX_CORESTACK_Condition cause : null
2025-02-15 22:21:52,629 [INFO] LogOutputStream:77 - [STDOUT_REDIRECT] 1 : Invalid condition id : UX_CORESTACK_Condition cause : null
2025-02-15 22:21:52,631 [WARN] PackLoader:240 - Cannot read IP mode file for STMicroelectronics.X-CUBE-AZRTOS-WL.2.0.0
2025-02-15 22:21:52,634 [WARN] PackLoader:240 - Cannot read IP mode file for STMicroelectronics.FP-SNS-MOTENV1.5.0.0
2025-02-15 22:21:52,636 [WARN] PackLoader:240 - Cannot read IP mode file for wolfSSL.I-CUBE-wolfMQTT.1.19.0
2025-02-15 22:21:52,644 [WARN] PackLoader:240 - Cannot read IP mode file for WES.I-CUBE-Cesium.1.3.0
2025-02-15 22:21:52,646 [WARN] PackLoader:240 - Cannot read IP mode file for STMicroelectronics.X-CUBE-BLE2.3.3.0
2025-02-15 22:21:52,650 [WARN] PackLoader:240 - Cannot read IP mode file for STMicroelectronics.X-CUBE-NFC9.1.0.0
2025-02-15 22:21:52,653 [WARN] PackLoader:240 - Cannot read IP mode file for STMicroelectronics.X-CUBE-TCPP.4.1.0
2025-02-15 22:21:52,661 [WARN] PackLoader:240 - Cannot read IP mode file for STMicroelectronics.X-CUBE-AZRTOS-G0.1.1.0
2025-02-15 22:21:52,665 [WARN] PackLoader:240 - Cannot read IP mode file for STMicroelectronics.X-CUBE-SAFEA1.1.2.2
2025-02-15 22:21:52,668 [WARN] PackLoader:240 - Cannot read IP mode file for STMicroelectronics.X-CUBE-NFC4.3.0.0
2025-02-15 22:21:52,677 [WARN] PackLoader:240 - Cannot read IP mode file for EmbeddedOffice.I-CUBE-FS-RTOS.1.0.1
2025-02-15 22:21:52,677 [ERROR] ConditionMgr:805 - Attr not supported : Dmpu
2025-02-15 22:21:52,677 [ERROR] ConditionMgr:805 - Attr not supported : Dmpu
2025-02-15 22:21:52,677 [ERROR] ConditionMgr:805 - Attr not supported : Dmpu
2025-02-15 22:21:52,678 [ERROR] ConditionMgr:805 - Attr not supported : Dmpu
2025-02-15 22:21:52,678 [ERROR] ConditionMgr:805 - Attr not supported : Dmpu
2025-02-15 22:21:52,678 [ERROR] ConditionMgr:805 - Attr not supported : Dmpu
2025-02-15 22:21:52,678 [ERROR] ConditionMgr:805 - Attr not supported : Dmpu
2025-02-15 22:21:52,678 [ERROR] ConditionMgr:805 - Attr not supported : Dmpu
2025-02-15 22:21:52,678 [ERROR] ConditionMgr:805 - Attr not supported : Dmpu
2025-02-15 22:21:52,678 [ERROR] ConditionMgr:805 - Attr not supported : Dmpu
2025-02-15 22:21:52,678 [ERROR] ConditionMgr:805 - Attr not supported : Dmpu
2025-02-15 22:21:52,678 [ERROR] ConditionMgr:805 - Attr not supported : Dmpu
2025-02-15 22:21:52,678 [ERROR] ConditionMgr:805 - Attr not supported : Dmpu
2025-02-15 22:21:52,678 [ERROR] ConditionMgr:805 - Attr not supported : Dmpu
2025-02-15 22:21:52,678 [ERROR] ConditionMgr:805 - Attr not supported : Dmpu
2025-02-15 22:21:52,678 [ERROR] ConditionMgr:805 - Attr not supported : Dmpu
2025-02-15 22:21:52,678 [ERROR] ConditionMgr:805 - Attr not supported : Dmpu
2025-02-15 22:21:52,678 [ERROR] ConditionMgr:805 - Attr not supported : Dmpu
2025-02-15 22:21:52,678 [ERROR] ConditionMgr:805 - Attr not supported : Dmpu
2025-02-15 22:21:52,678 [ERROR] ConditionMgr:805 - Attr not supported : Dmpu
2025-02-15 22:21:52,678 [ERROR] ConditionMgr:805 - Attr not supported : Dmpu
2025-02-15 22:21:52,678 [ERROR] ConditionMgr:805 - Attr not supported : Dmpu
2025-02-15 22:21:52,678 [ERROR] ConditionMgr:805 - Attr not supported : Dmpu
2025-02-15 22:21:52,678 [ERROR] ConditionMgr:805 - Attr not supported : Dmpu
2025-02-15 22:21:52,678 [ERROR] ConditionMgr:805 - Attr not supported : Dmpu
2025-02-15 22:21:52,679 [ERROR] ConditionMgr:805 - Attr not supported : Dmpu
2025-02-15 22:21:52,679 [ERROR] ConditionMgr:805 - Attr not supported : Dmpu
2025-02-15 22:21:52,679 [ERROR] ConditionMgr:805 - Attr not supported : Dmpu
2025-02-15 22:21:52,679 [ERROR] ConditionMgr:805 - Attr not supported : Dmpu
2025-02-15 22:21:52,679 [ERROR] ConditionMgr:805 - Attr not supported : Dmpu
2025-02-15 22:21:52,679 [ERROR] ConditionMgr:805 - Attr not supported : Dmpu
2025-02-15 22:21:52,679 [ERROR] ConditionMgr:805 - Attr not supported : Dmpu
2025-02-15 22:21:52,679 [ERROR] ConditionMgr:805 - Attr not supported : Dmpu
2025-02-15 22:21:52,679 [ERROR] ConditionMgr:805 - Attr not supported : Dmpu
2025-02-15 22:21:52,679 [ERROR] ConditionMgr:805 - Attr not supported : Dmpu
2025-02-15 22:21:52,679 [ERROR] ConditionMgr:805 - Attr not supported : Dmpu
2025-02-15 22:21:52,679 [ERROR] ConditionMgr:805 - Attr not supported : Dmpu
2025-02-15 22:21:52,679 [ERROR] ConditionMgr:805 - Attr not supported : Dmpu
2025-02-15 22:21:52,679 [ERROR] ConditionMgr:805 - Attr not supported : Dmpu
2025-02-15 22:21:52,679 [ERROR] ConditionMgr:805 - Attr not supported : Dmpu
2025-02-15 22:21:52,679 [ERROR] ConditionMgr:805 - Attr not supported : Dmpu
2025-02-15 22:21:52,679 [ERROR] ConditionMgr:805 - Attr not supported : Dmpu
2025-02-15 22:21:52,679 [ERROR] ConditionMgr:805 - Attr not supported : Dmpu
2025-02-15 22:21:52,679 [ERROR] ConditionMgr:805 - Attr not supported : Dmpu
2025-02-15 22:21:52,679 [ERROR] ConditionMgr:805 - Attr not supported : Dmpu
2025-02-15 22:21:52,679 [ERROR] ConditionMgr:805 - Attr not supported : Dmpu
2025-02-15 22:21:52,679 [ERROR] ConditionMgr:805 - Attr not supported : Dmpu
2025-02-15 22:21:52,679 [ERROR] ConditionMgr:805 - Attr not supported : Dmpu
2025-02-15 22:21:52,679 [ERROR] ConditionMgr:805 - Attr not supported : Dmpu
2025-02-15 22:21:52,679 [ERROR] ConditionMgr:805 - Attr not supported : Dmpu
2025-02-15 22:21:52,679 [ERROR] ConditionMgr:805 - Attr not supported : Dmpu
2025-02-15 22:21:52,679 [ERROR] ConditionMgr:805 - Attr not supported : Dmpu
2025-02-15 22:21:52,679 [ERROR] ConditionMgr:805 - Attr not supported : Dmpu
2025-02-15 22:21:52,679 [ERROR] ConditionMgr:805 - Attr not supported : Dmpu
2025-02-15 22:21:52,679 [ERROR] ConditionMgr:805 - Attr not supported : Dmpu
2025-02-15 22:21:52,679 [ERROR] ConditionMgr:805 - Attr not supported : Dmpu
2025-02-15 22:21:52,680 [ERROR] ConditionMgr:805 - Attr not supported : Dmpu
2025-02-15 22:21:52,680 [ERROR] ConditionMgr:805 - Attr not supported : Dmpu
2025-02-15 22:21:52,680 [ERROR] ConditionMgr:805 - Attr not supported : Dmpu
2025-02-15 22:21:52,680 [ERROR] ConditionMgr:805 - Attr not supported : Dmpu
2025-02-15 22:21:52,680 [ERROR] ConditionMgr:805 - Attr not supported : Dmpu
2025-02-15 22:21:52,680 [ERROR] ConditionMgr:805 - Attr not supported : Dmpu
2025-02-15 22:21:52,680 [ERROR] ConditionMgr:805 - Attr not supported : Dmpu
2025-02-15 22:21:52,680 [ERROR] ConditionMgr:805 - Attr not supported : Dmpu
2025-02-15 22:21:52,684 [ERROR] Engine:466 - C:\Users\lmthu\.stm32cubemx\thirdparties\pdsc\STMicroelectronics.X-CUBE-TCPP.4.2.0.pdsc: PDSC version is not supported
2025-02-15 22:21:52,688 [WARN] PackLoader:240 - Cannot read IP mode file for RealThread.X-CUBE-RT-Thread_Nano.4.1.1
2025-02-15 22:21:52,691 [WARN] PackLoader:240 - Cannot read IP mode file for wolfSSL.I-CUBE-wolfSSL.5.7.0
2025-02-15 22:21:52,694 [WARN] PackLoader:240 - Cannot read IP mode file for STMicroelectronics.FP-ATR-SIGFOX1.3.2.0
2025-02-15 22:21:52,697 [WARN] ConditionMgr:438 - getConditionDescription Invalid condition id : Cortex-A Device cause : null
2025-02-15 22:21:52,726 [WARN] ConditionMgr:1039 - genDependencies : Invalid condition id : Cortex-A Device cause : null
2025-02-15 22:21:52,726 [WARN] ConditionMgr:1039 - genDependencies : Invalid condition id : Cortex-A Device cause : null
2025-02-15 22:21:52,726 [WARN] ConditionMgr:1039 - genDependencies : Invalid condition id : Cortex-A Device cause : null
2025-02-15 22:21:52,732 [WARN] PackLoader:240 - Cannot read IP mode file for STMicroelectronics.X-CUBE-EEPRMA1.5.1.0
2025-02-15 22:21:52,739 [WARN] PackLoader:240 - Cannot read IP mode file for ITTIA_DB.I-CUBE-ITTIADB.8.9.0
2025-02-15 22:21:52,756 [WARN] PackLoader:240 - Cannot read IP mode file for SEGGER.I-CUBE-embOS.1.3.1
2025-02-15 22:21:52,777 [WARN] PackLoader:240 - Cannot read IP mode file for STMicroelectronics.X-CUBE-ALGOBUILD.1.4.0
2025-02-15 22:21:52,780 [WARN] PackLoader:240 - Cannot read IP mode file for STMicroelectronics.X-CUBE-AI.9.1.0
2025-02-15 22:21:52,783 [WARN] PackLoader:240 - Cannot read IP mode file for STMicroelectronics.X-CUBE-GNSS1.6.0.0
2025-02-15 22:21:52,791 [WARN] PackLoader:240 - Cannot read IP mode file for STMicroelectronics.X-CUBE-AZRTOS-F4.1.1.0
2025-02-15 22:21:52,796 [WARN] PackLoader:240 - Cannot read IP mode file for STMicroelectronics.X-CUBE-ISPU.2.1.0
2025-02-15 22:21:52,799 [WARN] PackLoader:240 - Cannot read IP mode file for STMicroelectronics.X-CUBE-FREERTOS.1.2.0
2025-02-15 22:21:52,809 [WARN] PackLoader:240 - Cannot read IP mode file for STMicroelectronics.X-CUBE-AZRTOS-L5.2.0.0
2025-02-15 22:21:52,816 [WARN] PackLoader:240 - Cannot read IP mode file for STMicroelectronics.X-CUBE-NFC6.3.1.0
2025-02-15 22:21:52,820 [WARN] PackLoader:240 - Cannot read IP mode file for STMicroelectronics.X-CUBE-DPower.1.2.0
2025-02-15 22:21:52,823 [WARN] PackLoader:240 - Cannot read IP mode file for STMicroelectronics.X-CUBE-AI.9.0.0
2025-02-15 22:21:52,830 [WARN] PackLoader:240 - Cannot read IP mode file for STMicroelectronics.X-CUBE-FREERTOS.1.3.0
2025-02-15 22:21:52,833 [WARN] PackLoader:240 - Cannot read IP mode file for STMicroelectronics.X-CUBE-NFC7.1.0.1
2025-02-15 22:21:52,835 [WARN] PackLoader:240 - Cannot read IP mode file for wolfSSL.I-CUBE-wolfTPM.3.2.0
2025-02-15 22:21:52,844 [WARN] ConditionMgr:438 - getConditionDescription Invalid condition id : LAN8742 Phy interface Condition cause : null
2025-02-15 22:21:52,845 [WARN] PackLoader:240 - Cannot read IP mode file for STMicroelectronics.X-CUBE-AZRTOS-L4.2.0.0
2025-02-15 22:21:52,845 [WARN] ConditionMgr:1039 - genDependencies : Invalid condition id : LAN8742 Phy interface Condition cause : null
2025-02-15 22:21:52,845 [WARN] ConditionMgr:1039 - genDependencies : Invalid condition id : LAN8742 Phy interface Condition cause : null
2025-02-15 22:21:52,846 [WARN] ConditionMgr:1039 - genDependencies : Invalid condition id : LAN8742 Phy interface Condition cause : null
2025-02-15 22:21:52,850 [WARN] PackLoader:240 - Cannot read IP mode file for STMicroelectronics.X-CUBE-SFXS2LP1.4.0.0
2025-02-15 22:21:52,860 [WARN] PackLoader:240 - Cannot read IP mode file for STMicroelectronics.X-CUBE-AZRTOS-H7.3.3.0
2025-02-15 22:21:52,867 [WARN] PackLoader:240 - Cannot read IP mode file for STMicroelectronics.X-CUBE-IPS.3.0.0
2025-02-15 22:21:52,875 [WARN] ConditionMgr:438 - getConditionDescription Invalid condition id : UX DEVICE CLASS RTOS Condition cause : null
2025-02-15 22:21:52,875 [WARN] ConditionMgr:438 - getConditionDescription Invalid condition id : UX DEVICE CLASS RTOS Condition cause : null
2025-02-15 22:21:52,876 [WARN] PackLoader:240 - Cannot read IP mode file for STMicroelectronics.X-CUBE-AZRTOS-WB.2.0.0
2025-02-15 22:21:52,876 [WARN] ConditionMgr:1039 - genDependencies : Invalid condition id : UX DEVICE CLASS RTOS Condition cause : null
2025-02-15 22:21:52,877 [WARN] ConditionMgr:1039 - genDependencies : Invalid condition id : UX DEVICE CLASS RTOS Condition cause : null
2025-02-15 22:21:52,877 [WARN] ConditionMgr:1039 - genDependencies : Invalid condition id : UX DEVICE CLASS RTOS Condition cause : null
2025-02-15 22:21:52,877 [WARN] ConditionMgr:1039 - genDependencies : Invalid condition id : UX DEVICE CLASS RTOS Condition cause : null
2025-02-15 22:21:52,877 [WARN] ConditionMgr:1039 - genDependencies : Invalid condition id : UX DEVICE CLASS RTOS Condition cause : null
2025-02-15 22:21:52,881 [WARN] PackLoader:240 - Cannot read IP mode file for STMicroelectronics.X-CUBE-GNSS1.7.0.0
2025-02-15 22:21:52,884 [WARN] PackLoader:240 - Cannot read IP mode file for STMicroelectronics.X-CUBE-GNSS1.7.0.1
2025-02-15 22:21:52,888 [WARN] PackLoader:240 - Cannot read IP mode file for STMicroelectronics.FP-SNS-STBOX1.2.0.0
2025-02-15 22:21:52,897 [WARN] PackLoader:240 - Cannot read IP mode file for STMicroelectronics.X-CUBE-SUBG2.5.0.0
2025-02-15 22:21:52,903 [WARN] PackLoader:240 - Cannot read IP mode file for Cesanta.I-CUBE-Mongoose.7.13.0
2025-02-15 22:21:52,911 [WARN] PackLoader:240 - Cannot read IP mode file for STMicroelectronics.X-CUBE-AZRTOS-G4.2.0.0
2025-02-15 22:21:52,915 [WARN] PackLoader:240 - Cannot read IP mode file for STMicroelectronics.X-CUBE-ISPU.2.0.0
2025-02-15 22:21:52,918 [ERROR] Engine:466 - C:\Users\lmthu\.stm32cubemx\thirdparties\pdsc\STMicroelectronics.X-CUBE-IPS.3.1.0.pdsc: PDSC version is not supported
2025-02-15 22:21:52,921 [WARN] PackLoader:240 - Cannot read IP mode file for STMicroelectronics.X-CUBE-ALS.1.0.2
2025-02-15 22:21:52,937 [WARN] PackLoader:240 - Cannot read IP mode file for STMicroelectronics.X-CUBE-MEMS1.10.0.0
2025-02-15 22:21:53,032 [WARN] PackLoader:240 - Cannot read IP mode file for STMicroelectronics.X-CUBE-TOUCHGFX.4.24.0
2025-02-15 22:21:53,034 [WARN] PackLoader:240 - Cannot read IP mode file for STMicroelectronics.X-CUBE-TOUCHGFX.4.24.2
2025-02-15 22:21:53,036 [WARN] PackLoader:240 - Cannot read IP mode file for STMicroelectronics.X-CUBE-TOUCHGFX.4.24.1
2025-02-15 22:21:53,040 [WARN] PackLoader:240 - Cannot read IP mode file for portGmbH.I-Cube-SoM-uGOAL.1.1.0
2025-02-15 22:21:53,042 [WARN] PackLoader:240 - Cannot read IP mode file for STMicroelectronics.X-CUBE-ALS.1.0.1
2025-02-15 22:21:53,051 [WARN] PackLoader:240 - Cannot read IP mode file for STMicroelectronics.X-CUBE-AZRTOS-H7RS.1.0.0
2025-02-15 22:21:53,055 [WARN] PackLoader:240 - Cannot read IP mode file for STMicroelectronics.FP-ATR-ASTRA1.2.0.0
2025-02-15 22:21:53,061 [WARN] PackLoader:240 - Cannot read IP mode file for STMicroelectronics.X-CUBE-TOF1.3.4.2
2025-02-15 22:21:53,071 [WARN] PackLoader:240 - Cannot read IP mode file for STMicroelectronics.X-CUBE-TOF1.3.4.1
2025-02-15 22:21:53,086 [WARN] PackLoader:240 - Cannot read IP mode file for STMicroelectronics.X-CUBE-AZRTOS-H7.3.2.0
2025-02-15 22:21:53,094 [WARN] PackLoader:240 - Cannot read IP mode file for Infineon.AIROC-Wi-Fi-Bluetooth-STM32.1.6.0
2025-02-15 22:21:53,099 [WARN] PackLoader:240 - Cannot read IP mode file for wolfSSL.I-CUBE-wolfSSH.1.4.17
2025-02-15 22:21:53,100 [INFO] ThirdParty:978 - Integrity check success = true
2025-02-15 22:21:53,100 [INFO] IntegrityCheckThread:100 - exiting critical section [integrity check]
2025-02-15 22:21:53,100 [INFO] IntegrityCheckThread:103 - End integrity checks thread
