2025-02-24 02:11:55,755 [INFO] Activator:176 - 


2025-02-24 02:11:55,759 [INFO] Activator:177 - !SESSION log4j initialized
2025-02-24 02:12:00,727 [INFO] LogOutputStream:77 - [STDOUT_REDIRECT] 
2025-02-24 02:12:07,045 [INFO] ApplicationProperties:184 - Using Application install path: C:\ST\STM32CubeIDE_1.15.1\STM32CubeIDE\plugins\com.st.stm32cube.common.mx_6.11.1.202404110753
2025-02-24 02:12:07,060 [INFO] DbMcusXml:78 - Set database path to: C:\ST\STM32CubeIDE_1.15.1\STM32CubeIDE\plugins\com.st.stm32cube.common.mx_6.11.1.202404110753\\db\/mcu/
2025-02-24 02:12:07,060 [INFO] ApiDb:274 - Set plugin database path to: C:\ST\STM32CubeIDE_1.15.1\STM32CubeIDE\plugins\com.st.stm32cube.common.mx_6.11.1.202404110753\\db\/plugins/boardmanager/
2025-02-24 02:12:07,062 [WARN] ApiDb:259 - Overriding images path with different value:  => C:\ST\STM32CubeIDE_1.15.1\STM32CubeIDE\plugins\com.st.stm32cube.common.mx_6.11.1.202404110753\\db\/plugins/mcufinder/images/
2025-02-24 02:12:07,074 [INFO] ApiDb:250 - Set database path to: C:\Users\lmthu\.stmcufinder\plugins\mcufinder//mcu/
2025-02-24 02:12:07,075 [INFO] DbMcusAds:125 - Set database path to: C:\Users\lmthu\.stmcufinder\plugins\mcufinder//mcu/
2025-02-24 02:12:07,076 [INFO] CrossReferenceDbSqlite:203 - Set database path to: C:\Users\lmthu\.stmcufinder\plugins\mcufinder//mcu/cs/
2025-02-24 02:12:07,189 [INFO] RulesReader:64 - Compatibility file has been processed (297 Rules)
2025-02-24 02:12:07,305 [INFO] DbMcusXml:78 - Set database path to: C:\ST\STM32CubeIDE_1.15.1\STM32CubeIDE\plugins\com.st.stm32cube.common.mx_6.11.1.202404110753\\db\/mcu/
2025-02-24 02:12:07,305 [INFO] ApiDb:274 - Set plugin database path to: C:\ST\STM32CubeIDE_1.15.1\STM32CubeIDE\plugins\com.st.stm32cube.common.mx_6.11.1.202404110753\\db\/plugins/boardmanager/
2025-02-24 02:12:07,305 [INFO] ApiDb:261 - Set plugin images path to: C:\ST\STM32CubeIDE_1.15.1\STM32CubeIDE\plugins\com.st.stm32cube.common.mx_6.11.1.202404110753\\db\/plugins/mcufinder/images/
2025-02-24 02:12:07,306 [WARN] DbFile:41 - Overriding database path with different value: C:\Users\lmthu\.stmcufinder\plugins\mcufinder/ => C:\Users\lmthu\.stmcufinder\plugins\mcufinder
2025-02-24 02:12:07,306 [INFO] ApiDb:250 - Set database path to: C:\Users\lmthu\.stmcufinder\plugins\mcufinder//mcu/
2025-02-24 02:12:07,306 [WARN] DbFile:41 - Overriding database path with different value: C:\Users\lmthu\.stmcufinder\plugins\mcufinder/ => C:\Users\lmthu\.stmcufinder\plugins\mcufinder
2025-02-24 02:12:07,306 [INFO] DbMcusAds:125 - Set database path to: C:\Users\lmthu\.stmcufinder\plugins\mcufinder//mcu/
2025-02-24 02:12:07,306 [WARN] DbFile:41 - Overriding database path with different value: C:\Users\lmthu\.stmcufinder\plugins\mcufinder/ => C:\Users\lmthu\.stmcufinder\plugins\mcufinder
2025-02-24 02:12:07,306 [WARN] DbFile:41 - Overriding database path with different value: C:\Users\lmthu\.stmcufinder\plugins\mcufinder/ => C:\Users\lmthu\.stmcufinder\plugins\mcufinder
2025-02-24 02:12:07,306 [INFO] CrossReferenceDbSqlite:203 - Set database path to: C:\Users\lmthu\.stmcufinder\plugins\mcufinder//mcu/cs/
2025-02-24 02:12:07,383 [INFO] MainPanel:264 - HeapMemory: 268435456
2025-02-24 02:12:07,446 [INFO] DbMcusXml:78 - Set database path to: C:\ST\STM32CubeIDE_1.15.1\STM32CubeIDE\plugins\com.st.stm32cube.common.mx_6.11.1.202404110753\\db\/mcu/
2025-02-24 02:12:07,447 [INFO] ApiDb:274 - Set plugin database path to: C:\ST\STM32CubeIDE_1.15.1\STM32CubeIDE\plugins\com.st.stm32cube.common.mx_6.11.1.202404110753\\db\/plugins/boardmanager/
2025-02-24 02:12:07,447 [INFO] ApiDb:261 - Set plugin images path to: C:\ST\STM32CubeIDE_1.15.1\STM32CubeIDE\plugins\com.st.stm32cube.common.mx_6.11.1.202404110753\\db\/plugins/mcufinder/images/
2025-02-24 02:12:07,447 [WARN] DbFile:41 - Overriding database path with different value: C:\Users\lmthu\.stmcufinder\plugins\mcufinder/ => C:\Users\lmthu\.stmcufinder\plugins\mcufinder
2025-02-24 02:12:07,447 [INFO] ApiDb:250 - Set database path to: C:\Users\lmthu\.stmcufinder\plugins\mcufinder//mcu/
2025-02-24 02:12:07,447 [WARN] DbFile:41 - Overriding database path with different value: C:\Users\lmthu\.stmcufinder\plugins\mcufinder/ => C:\Users\lmthu\.stmcufinder\plugins\mcufinder
2025-02-24 02:12:07,447 [INFO] DbMcusAds:125 - Set database path to: C:\Users\lmthu\.stmcufinder\plugins\mcufinder//mcu/
2025-02-24 02:12:07,447 [WARN] DbFile:41 - Overriding database path with different value: C:\Users\lmthu\.stmcufinder\plugins\mcufinder/ => C:\Users\lmthu\.stmcufinder\plugins\mcufinder
2025-02-24 02:12:07,447 [WARN] DbFile:41 - Overriding database path with different value: C:\Users\lmthu\.stmcufinder\plugins\mcufinder/ => C:\Users\lmthu\.stmcufinder\plugins\mcufinder
2025-02-24 02:12:07,448 [INFO] CrossReferenceDbSqlite:203 - Set database path to: C:\Users\lmthu\.stmcufinder\plugins\mcufinder//mcu/cs/
2025-02-24 02:12:07,460 [INFO] ApplicationProperties:184 - Using Application install path: C:\ST\STM32CubeIDE_1.15.1\STM32CubeIDE\plugins\com.st.stm32cube.common.mx_6.11.1.202404110753
2025-02-24 02:12:07,462 [INFO] PluginManage:196 - Search for loadable plugins [exclusion list=, ]
2025-02-24 02:12:07,463 [INFO] PluginManage:310 - Check plugin analytics
2025-02-24 02:12:12,527 [INFO] AnalyticsPlugin:253 - Accepted Software Licenses: STM32CubeMX.6.11.1
2025-02-24 02:12:12,527 [INFO] AnalyticsPlugin:255 - Accepted CMSIS Pack Licenses: 
2025-02-24 02:12:12,527 [INFO] AnalyticsPlugin:257 - Accepted Firmware Licenses: FW.F4.1.28.0
2025-02-24 02:12:12,531 [INFO] PluginManage:359 - Loaded plugin analytics (category:tool,tabindex:-1)
2025-02-24 02:12:12,532 [INFO] PluginManage:310 - Check plugin cadmodel
2025-02-24 02:12:12,548 [INFO] CADModel:105 - Init CAD model plugin
2025-02-24 02:12:12,548 [INFO] PluginManage:359 - Loaded plugin cadmodel (category:power,tabindex:5)
2025-02-24 02:12:12,548 [INFO] PluginManage:310 - Check plugin clock
2025-02-24 02:12:12,566 [INFO] PluginManage:359 - Loaded plugin clock (category:base,tabindex:2)
2025-02-24 02:12:12,566 [INFO] PluginManage:310 - Check plugin ddr
2025-02-24 02:12:12,568 [INFO] PluginManage:359 - Loaded plugin ddr (category:tool,tabindex:6)
2025-02-24 02:12:12,568 [INFO] PluginManage:310 - Check plugin filemanager
2025-02-24 02:12:12,676 [INFO] PluginManage:359 - Loaded plugin filemanager (category:base,tabindex:10)
2025-02-24 02:12:12,676 [INFO] PluginManage:310 - Check plugin ipmanager
2025-02-24 02:12:12,681 [INFO] PluginManage:359 - Loaded plugin ipmanager (category:base,tabindex:5)
2025-02-24 02:12:12,682 [INFO] PluginManage:310 - Check plugin lpbam
2025-02-24 02:12:12,698 [INFO] PluginManage:359 - Loaded plugin lpbam (category:base,tabindex:0)
2025-02-24 02:12:12,698 [INFO] PluginManage:310 - Check plugin memorymap
2025-02-24 02:12:12,718 [INFO] PluginManage:359 - Loaded plugin memorymap (category:base,tabindex:4)
2025-02-24 02:12:12,719 [INFO] PluginManage:310 - Check plugin pinoutandconfiguration
2025-02-24 02:12:12,735 [INFO] PluginManage:359 - Loaded plugin pinoutandconfiguration (category:base,tabindex:1)
2025-02-24 02:12:12,735 [INFO] PluginManage:310 - Check plugin pinoutconfig
2025-02-24 02:12:12,808 [WARN] SupportedApi:132 - Cannot load RTOS API schema: s4s-elt-must-match.1: The content of 'definitions' must match (annotation?, (simpleType | complexType)?, (unique | key | keyref)*)). A problem was found starting at: attribute.
2025-02-24 02:12:12,907 [INFO] PluginManage:359 - Loaded plugin pinoutconfig (category:base,tabindex:0)
2025-02-24 02:12:12,908 [INFO] PluginManage:310 - Check plugin power
2025-02-24 02:12:12,925 [INFO] PluginManage:359 - Loaded plugin power (category:power,tabindex:4)
2025-02-24 02:12:12,925 [INFO] PluginManage:310 - Check plugin projectmanager
2025-02-24 02:12:12,937 [INFO] PluginManage:359 - Loaded plugin projectmanager (category:projectmanager,tabindex:3)
2025-02-24 02:12:12,937 [INFO] PluginManage:310 - Check plugin thirdparty
2025-02-24 02:12:13,194 [INFO] PluginManage:359 - Loaded plugin thirdparty (category:base,tabindex:-1)
2025-02-24 02:12:13,195 [INFO] PluginManage:310 - Check plugin tools
2025-02-24 02:12:13,195 [WARN] IntegrityCheckThread:84 - waiting for thirdparty lock release [integrity check]
2025-02-24 02:12:13,195 [INFO] IntegrityCheckThread:86 - entering critical section [integrity check]
2025-02-24 02:12:13,195 [INFO] ThirdPartyUpdaterWithRetryManager:70 - Updater plugin not ready yet. [1/15]
2025-02-24 02:12:13,227 [INFO] PluginManage:359 - Loaded plugin tools (category:base,tabindex:7)
2025-02-24 02:12:13,228 [INFO] PluginManage:310 - Check plugin tutovideos
2025-02-24 02:12:13,397 [INFO] PluginManage:359 - Loaded plugin tutovideos (category:base,tabindex:-1)
2025-02-24 02:12:13,397 [INFO] PluginManage:310 - Check plugin updater
2025-02-24 02:12:13,406 [INFO] PluginManage:359 - Loaded plugin updater (category:base,tabindex:12)
2025-02-24 02:12:13,406 [INFO] PluginManage:310 - Check plugin userauth
2025-02-24 02:12:13,410 [INFO] UserAuth:114 - Init User Auth plugin
2025-02-24 02:12:13,410 [INFO] PluginManage:359 - Loaded plugin userauth (category:base,tabindex:14)
2025-02-24 02:12:13,411 [INFO] PluginManage:283 - PluginManage : Loaded plugins [17]
2025-02-24 02:12:13,593 [INFO] PinOutPanel:1561 - setPackage(No Configuration,No Configuration)
2025-02-24 02:12:13,645 [INFO] CADModel:165 - CPN selected for project level
2025-02-24 02:12:13,645 [INFO] CADModel:114 - Register for checkConnection events
2025-02-24 02:12:13,677 [INFO] IPUIPlugin:80 - create IPUIPlugin
2025-02-24 02:12:13,678 [INFO] PluginManager:220 - loadIPPluginJar : add adc
2025-02-24 02:12:13,707 [INFO] IPUIPlugin:80 - create IPUIPlugin
2025-02-24 02:12:13,707 [INFO] PluginManager:220 - loadIPPluginJar : add aes
2025-02-24 02:12:13,742 [INFO] IPUIPlugin:80 - create IPUIPlugin
2025-02-24 02:12:13,742 [INFO] PluginManager:220 - loadIPPluginJar : add can
2025-02-24 02:12:13,765 [INFO] IPUIPlugin:80 - create IPUIPlugin
2025-02-24 02:12:13,765 [INFO] PluginManager:220 - loadIPPluginJar : add comp
2025-02-24 02:12:13,794 [INFO] IPUIPlugin:80 - create IPUIPlugin
2025-02-24 02:12:13,794 [INFO] PluginManager:220 - loadIPPluginJar : add cryp
2025-02-24 02:12:13,831 [INFO] IPUIPlugin:80 - create IPUIPlugin
2025-02-24 02:12:13,831 [INFO] PluginManager:220 - loadIPPluginJar : add dfsdm
2025-02-24 02:12:13,845 [INFO] IPUIPlugin:80 - create IPUIPlugin
2025-02-24 02:12:13,846 [INFO] PluginManager:220 - loadIPPluginJar : add dma
2025-02-24 02:12:13,880 [INFO] IPUIPlugin:80 - create IPUIPlugin
2025-02-24 02:12:13,880 [INFO] PluginManager:220 - loadIPPluginJar : add dma3
2025-02-24 02:12:13,914 [INFO] IPUIPlugin:80 - create IPUIPlugin
2025-02-24 02:12:13,914 [INFO] PluginManager:220 - loadIPPluginJar : add extmemmanager
2025-02-24 02:12:13,934 [INFO] IPUIPlugin:80 - create IPUIPlugin
2025-02-24 02:12:13,934 [INFO] PluginManager:220 - loadIPPluginJar : add fatfs
2025-02-24 02:12:13,971 [INFO] IPUIPlugin:80 - create IPUIPlugin
2025-02-24 02:12:13,971 [INFO] PluginManager:220 - loadIPPluginJar : add fmc
2025-02-24 02:12:13,987 [INFO] IPUIPlugin:80 - create IPUIPlugin
2025-02-24 02:12:13,987 [INFO] PluginManager:220 - loadIPPluginJar : add freertos
2025-02-24 02:12:14,005 [INFO] IPUIPlugin:80 - create IPUIPlugin
2025-02-24 02:12:14,006 [INFO] PluginManager:220 - loadIPPluginJar : add genericplugin
2025-02-24 02:12:14,075 [INFO] IPUIPlugin:80 - create IPUIPlugin
2025-02-24 02:12:14,076 [INFO] PluginManager:220 - loadIPPluginJar : add gfxmmu
2025-02-24 02:12:14,177 [INFO] IPUIPlugin:80 - create IPUIPlugin
2025-02-24 02:12:14,177 [INFO] PluginManager:220 - loadIPPluginJar : add gic
2025-02-24 02:12:14,189 [INFO] IPUIPlugin:80 - create IPUIPlugin
2025-02-24 02:12:14,189 [INFO] PluginManager:220 - loadIPPluginJar : add gpio
2025-02-24 02:12:14,257 [INFO] IPUIPlugin:80 - create IPUIPlugin
2025-02-24 02:12:14,257 [INFO] PluginManager:220 - loadIPPluginJar : add gtzc
2025-02-24 02:12:14,283 [INFO] IPUIPlugin:80 - create IPUIPlugin
2025-02-24 02:12:14,284 [INFO] PluginManager:220 - loadIPPluginJar : add hash
2025-02-24 02:12:14,325 [INFO] IPUIPlugin:80 - create IPUIPlugin
2025-02-24 02:12:14,325 [INFO] PluginManager:220 - loadIPPluginJar : add i2c
2025-02-24 02:12:14,360 [INFO] IPUIPlugin:80 - create IPUIPlugin
2025-02-24 02:12:14,360 [INFO] PluginManager:220 - loadIPPluginJar : add i2s
2025-02-24 02:12:14,395 [INFO] IPUIPlugin:80 - create IPUIPlugin
2025-02-24 02:12:14,395 [INFO] PluginManager:220 - loadIPPluginJar : add i3c
2025-02-24 02:12:14,473 [INFO] IPUIPlugin:80 - create IPUIPlugin
2025-02-24 02:12:14,473 [INFO] PluginManager:220 - loadIPPluginJar : add ipddr
2025-02-24 02:12:14,548 [INFO] IPUIPlugin:80 - create IPUIPlugin
2025-02-24 02:12:14,548 [INFO] PluginManager:220 - loadIPPluginJar : add linkedlist
2025-02-24 02:12:14,583 [INFO] IPUIPlugin:80 - create IPUIPlugin
2025-02-24 02:12:14,583 [INFO] PluginManager:220 - loadIPPluginJar : add lorawan
2025-02-24 02:12:14,614 [INFO] IPUIPlugin:80 - create IPUIPlugin
2025-02-24 02:12:14,615 [INFO] PluginManager:220 - loadIPPluginJar : add ltdc
2025-02-24 02:12:14,630 [INFO] IPUIPlugin:80 - create IPUIPlugin
2025-02-24 02:12:14,631 [INFO] PluginManager:220 - loadIPPluginJar : add mdma
2025-02-24 02:12:14,642 [INFO] IPUIPlugin:80 - create IPUIPlugin
2025-02-24 02:12:14,642 [INFO] PluginManager:220 - loadIPPluginJar : add nvic
2025-02-24 02:12:14,673 [INFO] IPUIPlugin:80 - create IPUIPlugin
2025-02-24 02:12:14,673 [INFO] PluginManager:220 - loadIPPluginJar : add opamp
2025-02-24 02:12:14,722 [INFO] IPUIPlugin:80 - create IPUIPlugin
2025-02-24 02:12:14,722 [INFO] PluginManager:220 - loadIPPluginJar : add openamp
2025-02-24 02:12:14,756 [INFO] IPUIPlugin:80 - create IPUIPlugin
2025-02-24 02:12:14,757 [INFO] PluginManager:220 - loadIPPluginJar : add pdm2pcm
2025-02-24 02:12:14,769 [INFO] IPUIPlugin:80 - create IPUIPlugin
2025-02-24 02:12:14,771 [INFO] PluginManager:220 - loadIPPluginJar : add plateformsettings
2025-02-24 02:12:14,792 [INFO] IPUIPlugin:80 - create IPUIPlugin
2025-02-24 02:12:14,792 [INFO] PluginManager:220 - loadIPPluginJar : add quadspi
2025-02-24 02:12:14,804 [INFO] IPUIPlugin:80 - create IPUIPlugin
2025-02-24 02:12:14,804 [INFO] PluginManager:220 - loadIPPluginJar : add resmgrutility
2025-02-24 02:12:14,841 [INFO] IPUIPlugin:80 - create IPUIPlugin
2025-02-24 02:12:14,842 [INFO] PluginManager:220 - loadIPPluginJar : add sai
2025-02-24 02:12:14,872 [INFO] IPUIPlugin:80 - create IPUIPlugin
2025-02-24 02:12:14,873 [INFO] PluginManager:220 - loadIPPluginJar : add spi
2025-02-24 02:12:14,926 [INFO] IPUIPlugin:80 - create IPUIPlugin
2025-02-24 02:12:14,926 [INFO] PluginManager:220 - loadIPPluginJar : add stm32_wpan
2025-02-24 02:12:14,948 [INFO] IPUIPlugin:80 - create IPUIPlugin
2025-02-24 02:12:14,948 [INFO] PluginManager:220 - loadIPPluginJar : add tim
2025-02-24 02:12:14,994 [INFO] IPUIPlugin:80 - create IPUIPlugin
2025-02-24 02:12:14,994 [INFO] PluginManager:220 - loadIPPluginJar : add touchsensing
2025-02-24 02:12:15,013 [INFO] IPUIPlugin:80 - create IPUIPlugin
2025-02-24 02:12:15,013 [INFO] PluginManager:220 - loadIPPluginJar : add tracer_emb
2025-02-24 02:12:15,034 [INFO] IPUIPlugin:80 - create IPUIPlugin
2025-02-24 02:12:15,034 [INFO] PluginManager:220 - loadIPPluginJar : add ts
2025-02-24 02:12:15,054 [INFO] IPUIPlugin:80 - create IPUIPlugin
2025-02-24 02:12:15,054 [INFO] PluginManager:220 - loadIPPluginJar : add tsc
2025-02-24 02:12:15,074 [INFO] IPUIPlugin:80 - create IPUIPlugin
2025-02-24 02:12:15,074 [INFO] PluginManager:220 - loadIPPluginJar : add ucpd
2025-02-24 02:12:15,108 [INFO] IPUIPlugin:80 - create IPUIPlugin
2025-02-24 02:12:15,109 [INFO] PluginManager:220 - loadIPPluginJar : add usart
2025-02-24 02:12:15,142 [INFO] IPUIPlugin:80 - create IPUIPlugin
2025-02-24 02:12:15,142 [INFO] PluginManager:220 - loadIPPluginJar : add usbx
2025-02-24 02:12:15,258 [INFO] CADModel:165 - CPN selected for project level
2025-02-24 02:12:15,258 [INFO] CADModel:114 - Register for checkConnection events
2025-02-24 02:12:15,258 [FATAL] Updater:308 - Updater called before beeing initialized
2025-02-24 02:12:15,258 [ERROR] CADModel:125 - Updater not yet initialized, retry later 
2025-02-24 02:12:15,375 [INFO] CADModel:165 - CPN selected for project level
2025-02-24 02:12:15,375 [INFO] CADModel:114 - Register for checkConnection events
2025-02-24 02:12:15,375 [FATAL] Updater:308 - Updater called before beeing initialized
2025-02-24 02:12:15,375 [ERROR] CADModel:125 - Updater not yet initialized, retry later 
2025-02-24 02:12:15,378 [FATAL] Updater:308 - Updater called before beeing initialized
2025-02-24 02:12:15,469 [FATAL] Updater:308 - Updater called before beeing initialized
2025-02-24 02:12:15,478 [INFO] DbMcusAds:53 - JSON generation date=Tue Dec 17 23:01:15 ICT 2024 (1734451275111)
2025-02-24 02:12:15,479 [FATAL] Updater:308 - Updater called before beeing initialized
2025-02-24 02:12:15,544 [WARN] DetailPanel:346 - Failed to get advertising image, set to default
2025-02-24 02:12:15,599 [FATAL] Updater:308 - Updater called before beeing initialized
2025-02-24 02:12:15,601 [FATAL] Updater:308 - Updater called before beeing initialized
2025-02-24 02:12:15,601 [FATAL] Updater:308 - Updater called before beeing initialized
2025-02-24 02:12:15,601 [WARN] DetailPanel:346 - Failed to get advertising image, set to default
2025-02-24 02:12:15,601 [FATAL] Updater:308 - Updater called before beeing initialized
2025-02-24 02:12:15,655 [ERROR] Updater:1120 - MainUpdater not yet initialized. External WinMGr cannot be set.
2025-02-24 02:12:15,667 [INFO] Updater:1056 - Updater Version found : 6.11.1
2025-02-24 02:12:15,687 [INFO] ApplicationProperties:184 - Using Application install path: C:\ST\STM32CubeIDE_1.15.1\STM32CubeIDE\plugins\com.st.stm32cube.common.mx_6.11.1.202404110753
2025-02-24 02:12:16,196 [INFO] ThirdPartyUpdaterWithRetryManager:70 - Updater plugin not ready yet. [2/15]
2025-02-24 02:12:17,267 [ERROR] LogOutputStream:75 - [STDERR_REDIRECT] Feb 24, 2025 2:12:17 AM java.util.prefs.WindowsPreferences <init>
2025-02-24 02:12:17,268 [ERROR] LogOutputStream:75 - [STDERR_REDIRECT] WARNING: Could not open/create prefs root node Software\JavaSoft\Prefs at root 0xffffffff80000002. Windows RegCreateKeyEx(...) returned error code 5.
2025-02-24 02:12:17,268 [ERROR] LogOutputStream:75 - [STDERR_REDIRECT] 
2025-02-24 02:12:17,561 [INFO] MainUpdater:2873 - connection check result : 10
2025-02-24 02:12:17,562 [INFO] MainUpdater:3567 - Updater definition file requires update
2025-02-24 02:12:17,562 [INFO] MainUpdater:290 - Updater Check For Update Now.
2025-02-24 02:12:17,562 [INFO] MicroXplorer:498 - Change Database Version : DB.6.0.111
2025-02-24 02:12:17,577 [INFO] McuFinderGlobals:63 - Set McuFinder mode to 2 (CubeIDE integrated)
2025-02-24 02:12:17,587 [INFO] UserAuth:415 - Internet connection configuration mode: 1
2025-02-24 02:12:17,606 [INFO] JxBrowserEngine:152 - Initiate JxBrowser Engine with user profile folder
2025-02-24 02:12:17,671 [INFO] ServerAccessManage:473 - Download File updaters.zip
2025-02-24 02:12:17,736 [INFO] FileExtend:240 - Unzip File : updaters.zip
2025-02-24 02:12:17,736 [INFO] FileExtend:255 - Standard Zip Deflate
2025-02-24 02:12:18,225 [INFO] ServerAccessManage:473 - Download File PacksControlFlags.xml
2025-02-24 02:12:18,325 [INFO] ServerAccessManage:473 - Download File cubemx.pidx
2025-02-24 02:12:18,400 [INFO] LoadServerUpdatesThread:375 - End of LoadServerUpdate Thread
2025-02-24 02:12:18,558 [INFO] CheckServerUpdateThread:120 - End of CheckServer Thread
2025-02-24 02:12:19,355 [WARN] PackLoader:240 - Cannot read IP mode file for STMicroelectronics.FP-SNS-MOTENVWB1.1.4.0
2025-02-24 02:12:19,370 [WARN] PackLoader:240 - Cannot read IP mode file for STMicroelectronics.FP-ATR-ASTRA1.2.0.1
2025-02-24 02:12:19,383 [WARN] PackLoader:240 - Cannot read IP mode file for STMicroelectronics.X-CUBE-SMBUS.2.1.0
2025-02-24 02:12:19,397 [WARN] PackLoader:240 - Cannot read IP mode file for STMicroelectronics.X-CUBE-WB05N.1.1.0
2025-02-24 02:12:19,410 [WARN] PackLoader:240 - Cannot read IP mode file for STMicroelectronics.X-CUBE-TOUCHGFX.4.23.2
2025-02-24 02:12:19,446 [WARN] PackLoader:240 - Cannot read IP mode file for STMicroelectronics.X-CUBE-AZRTOS-F7.1.1.0
2025-02-24 02:12:19,506 [WARN] PackLoader:240 - Cannot read IP mode file for STMicroelectronics.X-CUBE-MEMS1.11.0.0
2025-02-24 02:12:19,608 [WARN] PackLoader:240 - Cannot read IP mode file for STMicroelectronics.FP-SNS-FLIGHT1.5.0.2
2025-02-24 02:12:19,623 [WARN] PackLoader:240 - Cannot read IP mode file for STMicroelectronics.X-CUBE-DISPLAY.3.0.0
2025-02-24 02:12:19,641 [WARN] PackLoader:240 - Cannot read IP mode file for STMicroelectronics.X-CUBE-BLE1.7.0.0
2025-02-24 02:12:19,654 [WARN] PackLoader:240 - Cannot read IP mode file for STMicroelectronics.X-CUBE-NFC10.1.0.0
2025-02-24 02:12:19,670 [WARN] PackLoader:240 - Cannot read IP mode file for STMicroelectronics.X-CUBE-BLEMGR.4.0.0
2025-02-24 02:12:19,685 [WARN] PackLoader:240 - Cannot read IP mode file for emotas.I-CUBE-CANOPEN.1.3.0
2025-02-24 02:12:19,704 [WARN] PackLoader:240 - Cannot read IP mode file for STMicroelectronics.X-CUBE-BLEMGR.3.1.0
2025-02-24 02:12:19,721 [WARN] PackLoader:240 - Cannot read IP mode file for STMicroelectronics.X-CUBE-AI.10.0.0
2025-02-24 02:12:19,734 [WARN] PackLoader:240 - Cannot read IP mode file for STMicroelectronics.FP-SNS-SMARTAG2.1.2.0
2025-02-24 02:12:19,787 [WARN] PackLoader:240 - Cannot read IP mode file for STMicroelectronics.X-CUBE-MEMS1.11.1.0
2025-02-24 02:12:19,887 [INFO] LogOutputStream:77 - [STDOUT_REDIRECT] 1 : Invalid condition id : UX_CORESTACK_Condition cause : null
2025-02-24 02:12:19,888 [INFO] LogOutputStream:77 - [STDOUT_REDIRECT] 1 : Invalid condition id : UX_CORESTACK_Condition cause : null
2025-02-24 02:12:19,889 [INFO] LogOutputStream:77 - [STDOUT_REDIRECT] 1 : Invalid condition id : UX_CORESTACK_Condition cause : null
2025-02-24 02:12:19,890 [INFO] LogOutputStream:77 - [STDOUT_REDIRECT] 1 : Invalid condition id : UX_CORESTACK_Condition cause : null
2025-02-24 02:12:19,892 [INFO] LogOutputStream:77 - [STDOUT_REDIRECT] 1 : Invalid condition id : UX_CORESTACK_Condition cause : null
2025-02-24 02:12:19,894 [WARN] PackLoader:240 - Cannot read IP mode file for STMicroelectronics.X-CUBE-AZRTOS-WL.2.0.0
2025-02-24 02:12:19,910 [WARN] PackLoader:240 - Cannot read IP mode file for STMicroelectronics.FP-SNS-MOTENV1.5.0.0
2025-02-24 02:12:19,923 [WARN] PackLoader:240 - Cannot read IP mode file for wolfSSL.I-CUBE-wolfMQTT.1.19.0
2025-02-24 02:12:19,939 [WARN] PackLoader:240 - Cannot read IP mode file for WES.I-CUBE-Cesium.1.3.0
2025-02-24 02:12:19,951 [WARN] PackLoader:240 - Cannot read IP mode file for STMicroelectronics.X-CUBE-BLE2.3.3.0
2025-02-24 02:12:19,967 [WARN] PackLoader:240 - Cannot read IP mode file for STMicroelectronics.X-CUBE-NFC9.1.0.0
2025-02-24 02:12:19,986 [WARN] PackLoader:240 - Cannot read IP mode file for STMicroelectronics.X-CUBE-TCPP.4.1.0
2025-02-24 02:12:20,010 [WARN] PackLoader:240 - Cannot read IP mode file for STMicroelectronics.X-CUBE-AZRTOS-G0.1.1.0
2025-02-24 02:12:20,025 [WARN] PackLoader:240 - Cannot read IP mode file for STMicroelectronics.X-CUBE-SAFEA1.1.2.2
2025-02-24 02:12:20,042 [WARN] PackLoader:240 - Cannot read IP mode file for STMicroelectronics.X-CUBE-NFC4.3.0.0
2025-02-24 02:12:20,067 [WARN] PackLoader:240 - Cannot read IP mode file for EmbeddedOffice.I-CUBE-FS-RTOS.1.0.1
2025-02-24 02:12:20,068 [ERROR] ConditionMgr:805 - Attr not supported : Dmpu
2025-02-24 02:12:20,068 [ERROR] ConditionMgr:805 - Attr not supported : Dmpu
2025-02-24 02:12:20,068 [ERROR] ConditionMgr:805 - Attr not supported : Dmpu
2025-02-24 02:12:20,068 [ERROR] ConditionMgr:805 - Attr not supported : Dmpu
2025-02-24 02:12:20,068 [ERROR] ConditionMgr:805 - Attr not supported : Dmpu
2025-02-24 02:12:20,068 [ERROR] ConditionMgr:805 - Attr not supported : Dmpu
2025-02-24 02:12:20,068 [ERROR] ConditionMgr:805 - Attr not supported : Dmpu
2025-02-24 02:12:20,068 [ERROR] ConditionMgr:805 - Attr not supported : Dmpu
2025-02-24 02:12:20,068 [ERROR] ConditionMgr:805 - Attr not supported : Dmpu
2025-02-24 02:12:20,068 [ERROR] ConditionMgr:805 - Attr not supported : Dmpu
2025-02-24 02:12:20,068 [ERROR] ConditionMgr:805 - Attr not supported : Dmpu
2025-02-24 02:12:20,068 [ERROR] ConditionMgr:805 - Attr not supported : Dmpu
2025-02-24 02:12:20,068 [ERROR] ConditionMgr:805 - Attr not supported : Dmpu
2025-02-24 02:12:20,068 [ERROR] ConditionMgr:805 - Attr not supported : Dmpu
2025-02-24 02:12:20,068 [ERROR] ConditionMgr:805 - Attr not supported : Dmpu
2025-02-24 02:12:20,068 [ERROR] ConditionMgr:805 - Attr not supported : Dmpu
2025-02-24 02:12:20,068 [ERROR] ConditionMgr:805 - Attr not supported : Dmpu
2025-02-24 02:12:20,068 [ERROR] ConditionMgr:805 - Attr not supported : Dmpu
2025-02-24 02:12:20,068 [ERROR] ConditionMgr:805 - Attr not supported : Dmpu
2025-02-24 02:12:20,068 [ERROR] ConditionMgr:805 - Attr not supported : Dmpu
2025-02-24 02:12:20,068 [ERROR] ConditionMgr:805 - Attr not supported : Dmpu
2025-02-24 02:12:20,068 [ERROR] ConditionMgr:805 - Attr not supported : Dmpu
2025-02-24 02:12:20,068 [ERROR] ConditionMgr:805 - Attr not supported : Dmpu
2025-02-24 02:12:20,068 [ERROR] ConditionMgr:805 - Attr not supported : Dmpu
2025-02-24 02:12:20,068 [ERROR] ConditionMgr:805 - Attr not supported : Dmpu
2025-02-24 02:12:20,069 [ERROR] ConditionMgr:805 - Attr not supported : Dmpu
2025-02-24 02:12:20,069 [ERROR] ConditionMgr:805 - Attr not supported : Dmpu
2025-02-24 02:12:20,069 [ERROR] ConditionMgr:805 - Attr not supported : Dmpu
2025-02-24 02:12:20,069 [ERROR] ConditionMgr:805 - Attr not supported : Dmpu
2025-02-24 02:12:20,069 [ERROR] ConditionMgr:805 - Attr not supported : Dmpu
2025-02-24 02:12:20,069 [ERROR] ConditionMgr:805 - Attr not supported : Dmpu
2025-02-24 02:12:20,069 [ERROR] ConditionMgr:805 - Attr not supported : Dmpu
2025-02-24 02:12:20,069 [ERROR] ConditionMgr:805 - Attr not supported : Dmpu
2025-02-24 02:12:20,069 [ERROR] ConditionMgr:805 - Attr not supported : Dmpu
2025-02-24 02:12:20,069 [ERROR] ConditionMgr:805 - Attr not supported : Dmpu
2025-02-24 02:12:20,069 [ERROR] ConditionMgr:805 - Attr not supported : Dmpu
2025-02-24 02:12:20,069 [ERROR] ConditionMgr:805 - Attr not supported : Dmpu
2025-02-24 02:12:20,069 [ERROR] ConditionMgr:805 - Attr not supported : Dmpu
2025-02-24 02:12:20,069 [ERROR] ConditionMgr:805 - Attr not supported : Dmpu
2025-02-24 02:12:20,069 [ERROR] ConditionMgr:805 - Attr not supported : Dmpu
2025-02-24 02:12:20,069 [ERROR] ConditionMgr:805 - Attr not supported : Dmpu
2025-02-24 02:12:20,069 [ERROR] ConditionMgr:805 - Attr not supported : Dmpu
2025-02-24 02:12:20,069 [ERROR] ConditionMgr:805 - Attr not supported : Dmpu
2025-02-24 02:12:20,069 [ERROR] ConditionMgr:805 - Attr not supported : Dmpu
2025-02-24 02:12:20,069 [ERROR] ConditionMgr:805 - Attr not supported : Dmpu
2025-02-24 02:12:20,069 [ERROR] ConditionMgr:805 - Attr not supported : Dmpu
2025-02-24 02:12:20,069 [ERROR] ConditionMgr:805 - Attr not supported : Dmpu
2025-02-24 02:12:20,069 [ERROR] ConditionMgr:805 - Attr not supported : Dmpu
2025-02-24 02:12:20,069 [ERROR] ConditionMgr:805 - Attr not supported : Dmpu
2025-02-24 02:12:20,069 [ERROR] ConditionMgr:805 - Attr not supported : Dmpu
2025-02-24 02:12:20,069 [ERROR] ConditionMgr:805 - Attr not supported : Dmpu
2025-02-24 02:12:20,069 [ERROR] ConditionMgr:805 - Attr not supported : Dmpu
2025-02-24 02:12:20,069 [ERROR] ConditionMgr:805 - Attr not supported : Dmpu
2025-02-24 02:12:20,069 [ERROR] ConditionMgr:805 - Attr not supported : Dmpu
2025-02-24 02:12:20,070 [ERROR] ConditionMgr:805 - Attr not supported : Dmpu
2025-02-24 02:12:20,070 [ERROR] ConditionMgr:805 - Attr not supported : Dmpu
2025-02-24 02:12:20,070 [ERROR] ConditionMgr:805 - Attr not supported : Dmpu
2025-02-24 02:12:20,070 [ERROR] ConditionMgr:805 - Attr not supported : Dmpu
2025-02-24 02:12:20,070 [ERROR] ConditionMgr:805 - Attr not supported : Dmpu
2025-02-24 02:12:20,070 [ERROR] ConditionMgr:805 - Attr not supported : Dmpu
2025-02-24 02:12:20,070 [ERROR] ConditionMgr:805 - Attr not supported : Dmpu
2025-02-24 02:12:20,070 [ERROR] ConditionMgr:805 - Attr not supported : Dmpu
2025-02-24 02:12:20,070 [ERROR] ConditionMgr:805 - Attr not supported : Dmpu
2025-02-24 02:12:20,070 [ERROR] ConditionMgr:805 - Attr not supported : Dmpu
2025-02-24 02:12:20,081 [ERROR] Engine:466 - C:\Users\lmthu\.stm32cubemx\thirdparties\pdsc\STMicroelectronics.X-CUBE-TCPP.4.2.0.pdsc: PDSC version is not supported
2025-02-24 02:12:20,093 [WARN] PackLoader:240 - Cannot read IP mode file for RealThread.X-CUBE-RT-Thread_Nano.4.1.1
2025-02-24 02:12:20,105 [WARN] PackLoader:240 - Cannot read IP mode file for wolfSSL.I-CUBE-wolfSSL.5.7.0
2025-02-24 02:12:20,116 [WARN] PackLoader:240 - Cannot read IP mode file for STMicroelectronics.FP-ATR-SIGFOX1.3.2.0
2025-02-24 02:12:20,128 [WARN] ConditionMgr:438 - getConditionDescription Invalid condition id : Cortex-A Device cause : null
2025-02-24 02:12:20,150 [WARN] ConditionMgr:1039 - genDependencies : Invalid condition id : Cortex-A Device cause : null
2025-02-24 02:12:20,150 [WARN] ConditionMgr:1039 - genDependencies : Invalid condition id : Cortex-A Device cause : null
2025-02-24 02:12:20,150 [WARN] ConditionMgr:1039 - genDependencies : Invalid condition id : Cortex-A Device cause : null
2025-02-24 02:12:20,164 [WARN] PackLoader:240 - Cannot read IP mode file for STMicroelectronics.X-CUBE-EEPRMA1.5.1.0
2025-02-24 02:12:20,178 [WARN] PackLoader:240 - Cannot read IP mode file for ITTIA_DB.I-CUBE-ITTIADB.8.9.0
2025-02-24 02:12:20,209 [WARN] PackLoader:240 - Cannot read IP mode file for SEGGER.I-CUBE-embOS.1.3.1
2025-02-24 02:12:20,245 [WARN] PackLoader:240 - Cannot read IP mode file for STMicroelectronics.X-CUBE-ALGOBUILD.1.4.0
2025-02-24 02:12:20,257 [WARN] PackLoader:240 - Cannot read IP mode file for STMicroelectronics.X-CUBE-AI.9.1.0
2025-02-24 02:12:20,269 [WARN] PackLoader:240 - Cannot read IP mode file for STMicroelectronics.X-CUBE-GNSS1.6.0.0
2025-02-24 02:12:20,290 [WARN] PackLoader:240 - Cannot read IP mode file for STMicroelectronics.X-CUBE-AZRTOS-F4.1.1.0
2025-02-24 02:12:20,302 [WARN] PackLoader:240 - Cannot read IP mode file for STMicroelectronics.X-CUBE-ISPU.2.1.0
2025-02-24 02:12:20,316 [WARN] PackLoader:240 - Cannot read IP mode file for STMicroelectronics.X-CUBE-FREERTOS.1.2.0
2025-02-24 02:12:20,349 [WARN] PackLoader:240 - Cannot read IP mode file for STMicroelectronics.X-CUBE-AZRTOS-L5.2.0.0
2025-02-24 02:12:20,369 [WARN] PackLoader:240 - Cannot read IP mode file for STMicroelectronics.X-CUBE-NFC6.3.1.0
2025-02-24 02:12:20,386 [WARN] PackLoader:240 - Cannot read IP mode file for STMicroelectronics.X-CUBE-DPower.1.2.0
2025-02-24 02:12:20,398 [WARN] PackLoader:240 - Cannot read IP mode file for STMicroelectronics.X-CUBE-AI.9.0.0
2025-02-24 02:12:20,411 [WARN] PackLoader:240 - Cannot read IP mode file for STMicroelectronics.X-CUBE-FREERTOS.1.3.0
2025-02-24 02:12:20,424 [WARN] PackLoader:240 - Cannot read IP mode file for STMicroelectronics.X-CUBE-NFC7.1.0.1
2025-02-24 02:12:20,436 [WARN] PackLoader:240 - Cannot read IP mode file for wolfSSL.I-CUBE-wolfTPM.3.2.0
2025-02-24 02:12:20,455 [WARN] ConditionMgr:438 - getConditionDescription Invalid condition id : LAN8742 Phy interface Condition cause : null
2025-02-24 02:12:20,456 [WARN] PackLoader:240 - Cannot read IP mode file for STMicroelectronics.X-CUBE-AZRTOS-L4.2.0.0
2025-02-24 02:12:20,456 [WARN] ConditionMgr:1039 - genDependencies : Invalid condition id : LAN8742 Phy interface Condition cause : null
2025-02-24 02:12:20,456 [WARN] ConditionMgr:1039 - genDependencies : Invalid condition id : LAN8742 Phy interface Condition cause : null
2025-02-24 02:12:20,457 [WARN] ConditionMgr:1039 - genDependencies : Invalid condition id : LAN8742 Phy interface Condition cause : null
2025-02-24 02:12:20,474 [WARN] PackLoader:240 - Cannot read IP mode file for STMicroelectronics.X-CUBE-SFXS2LP1.4.0.0
2025-02-24 02:12:20,498 [WARN] PackLoader:240 - Cannot read IP mode file for STMicroelectronics.X-CUBE-AZRTOS-H7.3.3.0
2025-02-24 02:12:20,516 [WARN] PackLoader:240 - Cannot read IP mode file for STMicroelectronics.X-CUBE-IPS.3.0.0
2025-02-24 02:12:20,540 [WARN] ConditionMgr:438 - getConditionDescription Invalid condition id : UX DEVICE CLASS RTOS Condition cause : null
2025-02-24 02:12:20,540 [WARN] ConditionMgr:438 - getConditionDescription Invalid condition id : UX DEVICE CLASS RTOS Condition cause : null
2025-02-24 02:12:20,542 [WARN] PackLoader:240 - Cannot read IP mode file for STMicroelectronics.X-CUBE-AZRTOS-WB.2.0.0
2025-02-24 02:12:20,542 [WARN] ConditionMgr:1039 - genDependencies : Invalid condition id : UX DEVICE CLASS RTOS Condition cause : null
2025-02-24 02:12:20,542 [WARN] ConditionMgr:1039 - genDependencies : Invalid condition id : UX DEVICE CLASS RTOS Condition cause : null
2025-02-24 02:12:20,542 [WARN] ConditionMgr:1039 - genDependencies : Invalid condition id : UX DEVICE CLASS RTOS Condition cause : null
2025-02-24 02:12:20,543 [WARN] ConditionMgr:1039 - genDependencies : Invalid condition id : UX DEVICE CLASS RTOS Condition cause : null
2025-02-24 02:12:20,543 [WARN] ConditionMgr:1039 - genDependencies : Invalid condition id : UX DEVICE CLASS RTOS Condition cause : null
2025-02-24 02:12:20,556 [WARN] PackLoader:240 - Cannot read IP mode file for STMicroelectronics.X-CUBE-GNSS1.7.0.0
2025-02-24 02:12:20,567 [WARN] PackLoader:240 - Cannot read IP mode file for STMicroelectronics.X-CUBE-GNSS1.7.0.1
2025-02-24 02:12:20,580 [WARN] PackLoader:240 - Cannot read IP mode file for STMicroelectronics.FP-SNS-STBOX1.2.0.0
2025-02-24 02:12:20,595 [WARN] PackLoader:240 - Cannot read IP mode file for STMicroelectronics.X-CUBE-SUBG2.5.0.0
2025-02-24 02:12:20,610 [WARN] PackLoader:240 - Cannot read IP mode file for Cesanta.I-CUBE-Mongoose.7.13.0
2025-02-24 02:12:20,630 [WARN] PackLoader:240 - Cannot read IP mode file for STMicroelectronics.X-CUBE-AZRTOS-G4.2.0.0
2025-02-24 02:12:20,644 [WARN] PackLoader:240 - Cannot read IP mode file for STMicroelectronics.X-CUBE-ISPU.2.0.0
2025-02-24 02:12:20,664 [ERROR] Engine:466 - C:\Users\lmthu\.stm32cubemx\thirdparties\pdsc\STMicroelectronics.X-CUBE-IPS.3.1.0.pdsc: PDSC version is not supported
2025-02-24 02:12:20,678 [WARN] PackLoader:240 - Cannot read IP mode file for STMicroelectronics.X-CUBE-ALS.1.0.2
2025-02-24 02:12:20,711 [WARN] PackLoader:240 - Cannot read IP mode file for STMicroelectronics.X-CUBE-MEMS1.10.0.0
2025-02-24 02:12:20,765 [WARN] PackLoader:240 - Cannot read IP mode file for STMicroelectronics.X-CUBE-TOUCHGFX.4.24.0
2025-02-24 02:12:20,788 [WARN] PackLoader:240 - Cannot read IP mode file for STMicroelectronics.X-CUBE-TOUCHGFX.4.24.2
2025-02-24 02:12:20,840 [WARN] PackLoader:240 - Cannot read IP mode file for STMicroelectronics.X-CUBE-TOUCHGFX.4.24.1
2025-02-24 02:12:20,852 [WARN] PackLoader:240 - Cannot read IP mode file for portGmbH.I-Cube-SoM-uGOAL.1.1.0
2025-02-24 02:12:20,863 [WARN] PackLoader:240 - Cannot read IP mode file for STMicroelectronics.X-CUBE-ALS.1.0.1
2025-02-24 02:12:20,887 [WARN] PackLoader:240 - Cannot read IP mode file for STMicroelectronics.X-CUBE-AZRTOS-H7RS.1.0.0
2025-02-24 02:12:20,900 [WARN] PackLoader:240 - Cannot read IP mode file for STMicroelectronics.FP-ATR-ASTRA1.2.0.0
2025-02-24 02:12:20,915 [WARN] PackLoader:240 - Cannot read IP mode file for STMicroelectronics.X-CUBE-TOF1.3.4.2
2025-02-24 02:12:20,934 [WARN] PackLoader:240 - Cannot read IP mode file for STMicroelectronics.X-CUBE-TOF1.3.4.1
2025-02-24 02:12:20,966 [WARN] PackLoader:240 - Cannot read IP mode file for STMicroelectronics.X-CUBE-AZRTOS-H7.3.2.0
2025-02-24 02:12:20,988 [WARN] PackLoader:240 - Cannot read IP mode file for Infineon.AIROC-Wi-Fi-Bluetooth-STM32.1.6.0
2025-02-24 02:12:21,007 [WARN] PackLoader:240 - Cannot read IP mode file for wolfSSL.I-CUBE-wolfSSH.1.4.17
2025-02-24 02:12:21,008 [INFO] ThirdParty:978 - Integrity check success = true
2025-02-24 02:12:21,008 [INFO] IntegrityCheckThread:100 - exiting critical section [integrity check]
2025-02-24 02:12:21,009 [INFO] IntegrityCheckThread:103 - End integrity checks thread
2025-02-24 02:12:21,274 [INFO] WebApp:161 - Instantiating new browser for Auth
2025-02-24 02:12:21,696 [INFO] WebApp:779 - Register for checkConnection events
2025-02-24 02:12:21,696 [INFO] WebApp:414 - Apply proxy settings
2025-02-24 02:12:21,696 [INFO] WebApp:499 - Chromium requires no authentication
2025-02-24 02:12:21,701 [INFO] WebApp:442 - Direct internet connection detected
2025-02-24 02:12:21,827 [INFO] WebApp:192 - Starting web application
2025-02-24 02:12:21,827 [INFO] WebApp:544 - Web application path used C:\ST\STM32CubeIDE_1.15.1\STM32CubeIDE\plugins\com.st.stm32cube.common.mx_6.11.1.202404110753\db\plugins\mcufinder\reactClient1\index.html
