2025-02-21 00:44:45,573 [INFO] Activator:176 - 


2025-02-21 00:44:45,577 [INFO] Activator:177 - !SESSION log4j initialized
2025-02-21 00:44:49,790 [INFO] LogOutputStream:77 - [STDOUT_REDIRECT] 
2025-02-21 00:44:55,942 [INFO] ApplicationProperties:184 - Using Application install path: C:\ST\STM32CubeIDE_1.15.1\STM32CubeIDE\plugins\com.st.stm32cube.common.mx_6.11.1.202404110753
2025-02-21 00:44:55,956 [INFO] DbMcusXml:78 - Set database path to: C:\ST\STM32CubeIDE_1.15.1\STM32CubeIDE\plugins\com.st.stm32cube.common.mx_6.11.1.202404110753\\db\/mcu/
2025-02-21 00:44:55,956 [INFO] ApiDb:274 - Set plugin database path to: C:\ST\STM32CubeIDE_1.15.1\STM32CubeIDE\plugins\com.st.stm32cube.common.mx_6.11.1.202404110753\\db\/plugins/boardmanager/
2025-02-21 00:44:55,958 [WARN] ApiDb:259 - Overriding images path with different value:  => C:\ST\STM32CubeIDE_1.15.1\STM32CubeIDE\plugins\com.st.stm32cube.common.mx_6.11.1.202404110753\\db\/plugins/mcufinder/images/
2025-02-21 00:44:55,972 [INFO] ApiDb:250 - Set database path to: C:\Users\lmthu\.stmcufinder\plugins\mcufinder//mcu/
2025-02-21 00:44:55,973 [INFO] DbMcusAds:125 - Set database path to: C:\Users\lmthu\.stmcufinder\plugins\mcufinder//mcu/
2025-02-21 00:44:55,976 [INFO] CrossReferenceDbSqlite:203 - Set database path to: C:\Users\lmthu\.stmcufinder\plugins\mcufinder//mcu/cs/
2025-02-21 00:44:56,075 [INFO] RulesReader:64 - Compatibility file has been processed (297 Rules)
2025-02-21 00:44:56,129 [INFO] DbMcusXml:78 - Set database path to: C:\ST\STM32CubeIDE_1.15.1\STM32CubeIDE\plugins\com.st.stm32cube.common.mx_6.11.1.202404110753\\db\/mcu/
2025-02-21 00:44:56,129 [INFO] ApiDb:274 - Set plugin database path to: C:\ST\STM32CubeIDE_1.15.1\STM32CubeIDE\plugins\com.st.stm32cube.common.mx_6.11.1.202404110753\\db\/plugins/boardmanager/
2025-02-21 00:44:56,129 [INFO] ApiDb:261 - Set plugin images path to: C:\ST\STM32CubeIDE_1.15.1\STM32CubeIDE\plugins\com.st.stm32cube.common.mx_6.11.1.202404110753\\db\/plugins/mcufinder/images/
2025-02-21 00:44:56,129 [WARN] DbFile:41 - Overriding database path with different value: C:\Users\lmthu\.stmcufinder\plugins\mcufinder/ => C:\Users\lmthu\.stmcufinder\plugins\mcufinder
2025-02-21 00:44:56,130 [INFO] ApiDb:250 - Set database path to: C:\Users\lmthu\.stmcufinder\plugins\mcufinder//mcu/
2025-02-21 00:44:56,130 [WARN] DbFile:41 - Overriding database path with different value: C:\Users\lmthu\.stmcufinder\plugins\mcufinder/ => C:\Users\lmthu\.stmcufinder\plugins\mcufinder
2025-02-21 00:44:56,130 [INFO] DbMcusAds:125 - Set database path to: C:\Users\lmthu\.stmcufinder\plugins\mcufinder//mcu/
2025-02-21 00:44:56,130 [WARN] DbFile:41 - Overriding database path with different value: C:\Users\lmthu\.stmcufinder\plugins\mcufinder/ => C:\Users\lmthu\.stmcufinder\plugins\mcufinder
2025-02-21 00:44:56,130 [WARN] DbFile:41 - Overriding database path with different value: C:\Users\lmthu\.stmcufinder\plugins\mcufinder/ => C:\Users\lmthu\.stmcufinder\plugins\mcufinder
2025-02-21 00:44:56,130 [INFO] CrossReferenceDbSqlite:203 - Set database path to: C:\Users\lmthu\.stmcufinder\plugins\mcufinder//mcu/cs/
2025-02-21 00:44:56,197 [INFO] MainPanel:264 - HeapMemory: 268435456
2025-02-21 00:44:56,266 [INFO] DbMcusXml:78 - Set database path to: C:\ST\STM32CubeIDE_1.15.1\STM32CubeIDE\plugins\com.st.stm32cube.common.mx_6.11.1.202404110753\\db\/mcu/
2025-02-21 00:44:56,266 [INFO] ApiDb:274 - Set plugin database path to: C:\ST\STM32CubeIDE_1.15.1\STM32CubeIDE\plugins\com.st.stm32cube.common.mx_6.11.1.202404110753\\db\/plugins/boardmanager/
2025-02-21 00:44:56,266 [INFO] ApiDb:261 - Set plugin images path to: C:\ST\STM32CubeIDE_1.15.1\STM32CubeIDE\plugins\com.st.stm32cube.common.mx_6.11.1.202404110753\\db\/plugins/mcufinder/images/
2025-02-21 00:44:56,266 [WARN] DbFile:41 - Overriding database path with different value: C:\Users\lmthu\.stmcufinder\plugins\mcufinder/ => C:\Users\lmthu\.stmcufinder\plugins\mcufinder
2025-02-21 00:44:56,267 [INFO] ApiDb:250 - Set database path to: C:\Users\lmthu\.stmcufinder\plugins\mcufinder//mcu/
2025-02-21 00:44:56,267 [WARN] DbFile:41 - Overriding database path with different value: C:\Users\lmthu\.stmcufinder\plugins\mcufinder/ => C:\Users\lmthu\.stmcufinder\plugins\mcufinder
2025-02-21 00:44:56,267 [INFO] DbMcusAds:125 - Set database path to: C:\Users\lmthu\.stmcufinder\plugins\mcufinder//mcu/
2025-02-21 00:44:56,267 [WARN] DbFile:41 - Overriding database path with different value: C:\Users\lmthu\.stmcufinder\plugins\mcufinder/ => C:\Users\lmthu\.stmcufinder\plugins\mcufinder
2025-02-21 00:44:56,267 [WARN] DbFile:41 - Overriding database path with different value: C:\Users\lmthu\.stmcufinder\plugins\mcufinder/ => C:\Users\lmthu\.stmcufinder\plugins\mcufinder
2025-02-21 00:44:56,267 [INFO] CrossReferenceDbSqlite:203 - Set database path to: C:\Users\lmthu\.stmcufinder\plugins\mcufinder//mcu/cs/
2025-02-21 00:44:56,280 [INFO] ApplicationProperties:184 - Using Application install path: C:\ST\STM32CubeIDE_1.15.1\STM32CubeIDE\plugins\com.st.stm32cube.common.mx_6.11.1.202404110753
2025-02-21 00:44:56,281 [INFO] PluginManage:196 - Search for loadable plugins [exclusion list=, ]
2025-02-21 00:44:56,282 [INFO] PluginManage:310 - Check plugin analytics
2025-02-21 00:45:01,369 [INFO] AnalyticsPlugin:253 - Accepted Software Licenses: STM32CubeMX.6.11.1
2025-02-21 00:45:01,370 [INFO] AnalyticsPlugin:255 - Accepted CMSIS Pack Licenses: 
2025-02-21 00:45:01,370 [INFO] AnalyticsPlugin:257 - Accepted Firmware Licenses: FW.F4.1.28.0
2025-02-21 00:45:01,372 [INFO] PluginManage:359 - Loaded plugin analytics (category:tool,tabindex:-1)
2025-02-21 00:45:01,372 [INFO] PluginManage:310 - Check plugin cadmodel
2025-02-21 00:45:01,387 [INFO] CADModel:105 - Init CAD model plugin
2025-02-21 00:45:01,387 [INFO] PluginManage:359 - Loaded plugin cadmodel (category:power,tabindex:5)
2025-02-21 00:45:01,387 [INFO] PluginManage:310 - Check plugin clock
2025-02-21 00:45:01,404 [INFO] PluginManage:359 - Loaded plugin clock (category:base,tabindex:2)
2025-02-21 00:45:01,404 [INFO] PluginManage:310 - Check plugin ddr
2025-02-21 00:45:01,406 [INFO] PluginManage:359 - Loaded plugin ddr (category:tool,tabindex:6)
2025-02-21 00:45:01,406 [INFO] PluginManage:310 - Check plugin filemanager
2025-02-21 00:45:01,511 [INFO] PluginManage:359 - Loaded plugin filemanager (category:base,tabindex:10)
2025-02-21 00:45:01,511 [INFO] PluginManage:310 - Check plugin ipmanager
2025-02-21 00:45:01,517 [INFO] PluginManage:359 - Loaded plugin ipmanager (category:base,tabindex:5)
2025-02-21 00:45:01,517 [INFO] PluginManage:310 - Check plugin lpbam
2025-02-21 00:45:01,532 [INFO] PluginManage:359 - Loaded plugin lpbam (category:base,tabindex:0)
2025-02-21 00:45:01,532 [INFO] PluginManage:310 - Check plugin memorymap
2025-02-21 00:45:01,555 [INFO] PluginManage:359 - Loaded plugin memorymap (category:base,tabindex:4)
2025-02-21 00:45:01,555 [INFO] PluginManage:310 - Check plugin pinoutandconfiguration
2025-02-21 00:45:01,570 [INFO] PluginManage:359 - Loaded plugin pinoutandconfiguration (category:base,tabindex:1)
2025-02-21 00:45:01,570 [INFO] PluginManage:310 - Check plugin pinoutconfig
2025-02-21 00:45:01,639 [WARN] SupportedApi:132 - Cannot load RTOS API schema: s4s-elt-must-match.1: The content of 'definitions' must match (annotation?, (simpleType | complexType)?, (unique | key | keyref)*)). A problem was found starting at: attribute.
2025-02-21 00:45:01,740 [INFO] PluginManage:359 - Loaded plugin pinoutconfig (category:base,tabindex:0)
2025-02-21 00:45:01,740 [INFO] PluginManage:310 - Check plugin power
2025-02-21 00:45:01,757 [INFO] PluginManage:359 - Loaded plugin power (category:power,tabindex:4)
2025-02-21 00:45:01,757 [INFO] PluginManage:310 - Check plugin projectmanager
2025-02-21 00:45:01,771 [INFO] PluginManage:359 - Loaded plugin projectmanager (category:projectmanager,tabindex:3)
2025-02-21 00:45:01,771 [INFO] PluginManage:310 - Check plugin thirdparty
2025-02-21 00:45:02,003 [INFO] PluginManage:359 - Loaded plugin thirdparty (category:base,tabindex:-1)
2025-02-21 00:45:02,003 [WARN] IntegrityCheckThread:84 - waiting for thirdparty lock release [integrity check]
2025-02-21 00:45:02,003 [INFO] PluginManage:310 - Check plugin tools
2025-02-21 00:45:02,003 [INFO] IntegrityCheckThread:86 - entering critical section [integrity check]
2025-02-21 00:45:02,004 [INFO] ThirdPartyUpdaterWithRetryManager:70 - Updater plugin not ready yet. [1/15]
2025-02-21 00:45:02,032 [INFO] PluginManage:359 - Loaded plugin tools (category:base,tabindex:7)
2025-02-21 00:45:02,033 [INFO] PluginManage:310 - Check plugin tutovideos
2025-02-21 00:45:02,184 [INFO] PluginManage:359 - Loaded plugin tutovideos (category:base,tabindex:-1)
2025-02-21 00:45:02,184 [INFO] PluginManage:310 - Check plugin updater
2025-02-21 00:45:02,194 [INFO] PluginManage:359 - Loaded plugin updater (category:base,tabindex:12)
2025-02-21 00:45:02,194 [INFO] PluginManage:310 - Check plugin userauth
2025-02-21 00:45:02,198 [INFO] UserAuth:114 - Init User Auth plugin
2025-02-21 00:45:02,198 [INFO] PluginManage:359 - Loaded plugin userauth (category:base,tabindex:14)
2025-02-21 00:45:02,199 [INFO] PluginManage:283 - PluginManage : Loaded plugins [17]
2025-02-21 00:45:02,366 [INFO] PinOutPanel:1561 - setPackage(No Configuration,No Configuration)
2025-02-21 00:45:02,418 [INFO] CADModel:165 - CPN selected for project level
2025-02-21 00:45:02,419 [INFO] CADModel:114 - Register for checkConnection events
2025-02-21 00:45:02,440 [INFO] IPUIPlugin:80 - create IPUIPlugin
2025-02-21 00:45:02,440 [INFO] PluginManager:220 - loadIPPluginJar : add adc
2025-02-21 00:45:02,468 [INFO] IPUIPlugin:80 - create IPUIPlugin
2025-02-21 00:45:02,469 [INFO] PluginManager:220 - loadIPPluginJar : add aes
2025-02-21 00:45:02,499 [INFO] IPUIPlugin:80 - create IPUIPlugin
2025-02-21 00:45:02,499 [INFO] PluginManager:220 - loadIPPluginJar : add can
2025-02-21 00:45:02,518 [INFO] IPUIPlugin:80 - create IPUIPlugin
2025-02-21 00:45:02,518 [INFO] PluginManager:220 - loadIPPluginJar : add comp
2025-02-21 00:45:02,543 [INFO] IPUIPlugin:80 - create IPUIPlugin
2025-02-21 00:45:02,543 [INFO] PluginManager:220 - loadIPPluginJar : add cryp
2025-02-21 00:45:02,565 [INFO] IPUIPlugin:80 - create IPUIPlugin
2025-02-21 00:45:02,565 [INFO] PluginManager:220 - loadIPPluginJar : add dfsdm
2025-02-21 00:45:02,577 [INFO] IPUIPlugin:80 - create IPUIPlugin
2025-02-21 00:45:02,577 [INFO] PluginManager:220 - loadIPPluginJar : add dma
2025-02-21 00:45:02,612 [INFO] IPUIPlugin:80 - create IPUIPlugin
2025-02-21 00:45:02,612 [INFO] PluginManager:220 - loadIPPluginJar : add dma3
2025-02-21 00:45:02,646 [INFO] IPUIPlugin:80 - create IPUIPlugin
2025-02-21 00:45:02,646 [INFO] PluginManager:220 - loadIPPluginJar : add extmemmanager
2025-02-21 00:45:02,662 [INFO] IPUIPlugin:80 - create IPUIPlugin
2025-02-21 00:45:02,662 [INFO] PluginManager:220 - loadIPPluginJar : add fatfs
2025-02-21 00:45:02,699 [INFO] IPUIPlugin:80 - create IPUIPlugin
2025-02-21 00:45:02,699 [INFO] PluginManager:220 - loadIPPluginJar : add fmc
2025-02-21 00:45:02,714 [INFO] IPUIPlugin:80 - create IPUIPlugin
2025-02-21 00:45:02,714 [INFO] PluginManager:220 - loadIPPluginJar : add freertos
2025-02-21 00:45:02,733 [INFO] IPUIPlugin:80 - create IPUIPlugin
2025-02-21 00:45:02,733 [INFO] PluginManager:220 - loadIPPluginJar : add genericplugin
2025-02-21 00:45:02,794 [INFO] IPUIPlugin:80 - create IPUIPlugin
2025-02-21 00:45:02,794 [INFO] PluginManager:220 - loadIPPluginJar : add gfxmmu
2025-02-21 00:45:02,889 [INFO] IPUIPlugin:80 - create IPUIPlugin
2025-02-21 00:45:02,889 [INFO] PluginManager:220 - loadIPPluginJar : add gic
2025-02-21 00:45:02,901 [INFO] IPUIPlugin:80 - create IPUIPlugin
2025-02-21 00:45:02,901 [INFO] PluginManager:220 - loadIPPluginJar : add gpio
2025-02-21 00:45:02,971 [INFO] IPUIPlugin:80 - create IPUIPlugin
2025-02-21 00:45:02,971 [INFO] PluginManager:220 - loadIPPluginJar : add gtzc
2025-02-21 00:45:02,996 [INFO] IPUIPlugin:80 - create IPUIPlugin
2025-02-21 00:45:02,996 [INFO] PluginManager:220 - loadIPPluginJar : add hash
2025-02-21 00:45:03,033 [INFO] IPUIPlugin:80 - create IPUIPlugin
2025-02-21 00:45:03,033 [INFO] PluginManager:220 - loadIPPluginJar : add i2c
2025-02-21 00:45:03,062 [INFO] IPUIPlugin:80 - create IPUIPlugin
2025-02-21 00:45:03,062 [INFO] PluginManager:220 - loadIPPluginJar : add i2s
2025-02-21 00:45:03,091 [INFO] IPUIPlugin:80 - create IPUIPlugin
2025-02-21 00:45:03,091 [INFO] PluginManager:220 - loadIPPluginJar : add i3c
2025-02-21 00:45:03,158 [INFO] IPUIPlugin:80 - create IPUIPlugin
2025-02-21 00:45:03,158 [INFO] PluginManager:220 - loadIPPluginJar : add ipddr
2025-02-21 00:45:03,224 [INFO] IPUIPlugin:80 - create IPUIPlugin
2025-02-21 00:45:03,225 [INFO] PluginManager:220 - loadIPPluginJar : add linkedlist
2025-02-21 00:45:03,254 [INFO] IPUIPlugin:80 - create IPUIPlugin
2025-02-21 00:45:03,254 [INFO] PluginManager:220 - loadIPPluginJar : add lorawan
2025-02-21 00:45:03,282 [INFO] IPUIPlugin:80 - create IPUIPlugin
2025-02-21 00:45:03,283 [INFO] PluginManager:220 - loadIPPluginJar : add ltdc
2025-02-21 00:45:03,295 [INFO] IPUIPlugin:80 - create IPUIPlugin
2025-02-21 00:45:03,295 [INFO] PluginManager:220 - loadIPPluginJar : add mdma
2025-02-21 00:45:03,306 [INFO] IPUIPlugin:80 - create IPUIPlugin
2025-02-21 00:45:03,306 [INFO] PluginManager:220 - loadIPPluginJar : add nvic
2025-02-21 00:45:03,335 [INFO] IPUIPlugin:80 - create IPUIPlugin
2025-02-21 00:45:03,335 [INFO] PluginManager:220 - loadIPPluginJar : add opamp
2025-02-21 00:45:03,379 [INFO] IPUIPlugin:80 - create IPUIPlugin
2025-02-21 00:45:03,379 [INFO] PluginManager:220 - loadIPPluginJar : add openamp
2025-02-21 00:45:03,411 [INFO] IPUIPlugin:80 - create IPUIPlugin
2025-02-21 00:45:03,411 [INFO] PluginManager:220 - loadIPPluginJar : add pdm2pcm
2025-02-21 00:45:03,423 [INFO] IPUIPlugin:80 - create IPUIPlugin
2025-02-21 00:45:03,424 [INFO] PluginManager:220 - loadIPPluginJar : add plateformsettings
2025-02-21 00:45:03,443 [INFO] IPUIPlugin:80 - create IPUIPlugin
2025-02-21 00:45:03,443 [INFO] PluginManager:220 - loadIPPluginJar : add quadspi
2025-02-21 00:45:03,454 [INFO] IPUIPlugin:80 - create IPUIPlugin
2025-02-21 00:45:03,454 [INFO] PluginManager:220 - loadIPPluginJar : add resmgrutility
2025-02-21 00:45:03,489 [INFO] IPUIPlugin:80 - create IPUIPlugin
2025-02-21 00:45:03,489 [INFO] PluginManager:220 - loadIPPluginJar : add sai
2025-02-21 00:45:03,516 [INFO] IPUIPlugin:80 - create IPUIPlugin
2025-02-21 00:45:03,516 [INFO] PluginManager:220 - loadIPPluginJar : add spi
2025-02-21 00:45:03,562 [INFO] IPUIPlugin:80 - create IPUIPlugin
2025-02-21 00:45:03,563 [INFO] PluginManager:220 - loadIPPluginJar : add stm32_wpan
2025-02-21 00:45:03,582 [INFO] IPUIPlugin:80 - create IPUIPlugin
2025-02-21 00:45:03,582 [INFO] PluginManager:220 - loadIPPluginJar : add tim
2025-02-21 00:45:03,623 [INFO] IPUIPlugin:80 - create IPUIPlugin
2025-02-21 00:45:03,623 [INFO] PluginManager:220 - loadIPPluginJar : add touchsensing
2025-02-21 00:45:03,643 [INFO] IPUIPlugin:80 - create IPUIPlugin
2025-02-21 00:45:03,643 [INFO] PluginManager:220 - loadIPPluginJar : add tracer_emb
2025-02-21 00:45:03,662 [INFO] IPUIPlugin:80 - create IPUIPlugin
2025-02-21 00:45:03,662 [INFO] PluginManager:220 - loadIPPluginJar : add ts
2025-02-21 00:45:03,680 [INFO] IPUIPlugin:80 - create IPUIPlugin
2025-02-21 00:45:03,680 [INFO] PluginManager:220 - loadIPPluginJar : add tsc
2025-02-21 00:45:03,696 [INFO] IPUIPlugin:80 - create IPUIPlugin
2025-02-21 00:45:03,697 [INFO] PluginManager:220 - loadIPPluginJar : add ucpd
2025-02-21 00:45:03,728 [INFO] IPUIPlugin:80 - create IPUIPlugin
2025-02-21 00:45:03,728 [INFO] PluginManager:220 - loadIPPluginJar : add usart
2025-02-21 00:45:03,757 [INFO] IPUIPlugin:80 - create IPUIPlugin
2025-02-21 00:45:03,757 [INFO] PluginManager:220 - loadIPPluginJar : add usbx
2025-02-21 00:45:03,873 [INFO] CADModel:165 - CPN selected for project level
2025-02-21 00:45:03,873 [INFO] CADModel:114 - Register for checkConnection events
2025-02-21 00:45:03,873 [FATAL] Updater:308 - Updater called before beeing initialized
2025-02-21 00:45:03,873 [ERROR] CADModel:125 - Updater not yet initialized, retry later 
2025-02-21 00:45:03,974 [INFO] CADModel:165 - CPN selected for project level
2025-02-21 00:45:03,974 [INFO] CADModel:114 - Register for checkConnection events
2025-02-21 00:45:03,974 [FATAL] Updater:308 - Updater called before beeing initialized
2025-02-21 00:45:03,974 [ERROR] CADModel:125 - Updater not yet initialized, retry later 
2025-02-21 00:45:03,976 [FATAL] Updater:308 - Updater called before beeing initialized
2025-02-21 00:45:04,063 [FATAL] Updater:308 - Updater called before beeing initialized
2025-02-21 00:45:04,072 [INFO] DbMcusAds:53 - JSON generation date=Tue Dec 17 23:01:15 ICT 2024 (1734451275111)
2025-02-21 00:45:04,072 [FATAL] Updater:308 - Updater called before beeing initialized
2025-02-21 00:45:04,131 [WARN] DetailPanel:346 - Failed to get advertising image, set to default
2025-02-21 00:45:04,201 [FATAL] Updater:308 - Updater called before beeing initialized
2025-02-21 00:45:04,203 [FATAL] Updater:308 - Updater called before beeing initialized
2025-02-21 00:45:04,203 [FATAL] Updater:308 - Updater called before beeing initialized
2025-02-21 00:45:04,203 [WARN] DetailPanel:346 - Failed to get advertising image, set to default
2025-02-21 00:45:04,204 [FATAL] Updater:308 - Updater called before beeing initialized
2025-02-21 00:45:04,253 [ERROR] Updater:1120 - MainUpdater not yet initialized. External WinMGr cannot be set.
2025-02-21 00:45:04,263 [INFO] Updater:1056 - Updater Version found : 6.11.1
2025-02-21 00:45:04,280 [INFO] ApplicationProperties:184 - Using Application install path: C:\ST\STM32CubeIDE_1.15.1\STM32CubeIDE\plugins\com.st.stm32cube.common.mx_6.11.1.202404110753
2025-02-21 00:45:05,005 [INFO] ThirdPartyUpdaterWithRetryManager:70 - Updater plugin not ready yet. [2/15]
2025-02-21 00:45:05,874 [ERROR] LogOutputStream:75 - [STDERR_REDIRECT] Feb 21, 2025 12:45:05 AM java.util.prefs.WindowsPreferences <init>
2025-02-21 00:45:05,877 [ERROR] LogOutputStream:75 - [STDERR_REDIRECT] WARNING: Could not open/create prefs root node Software\JavaSoft\Prefs at root 0xffffffff80000002. Windows RegCreateKeyEx(...) returned error code 5.
2025-02-21 00:45:05,877 [ERROR] LogOutputStream:75 - [STDERR_REDIRECT] 
2025-02-21 00:45:06,139 [INFO] MainUpdater:2873 - connection check result : 10
2025-02-21 00:45:06,139 [INFO] MainUpdater:290 - Updater Check For Update Now.
2025-02-21 00:45:06,140 [INFO] MicroXplorer:498 - Change Database Version : DB.6.0.111
2025-02-21 00:45:06,159 [INFO] McuFinderGlobals:63 - Set McuFinder mode to 2 (CubeIDE integrated)
2025-02-21 00:45:06,173 [INFO] UserAuth:415 - Internet connection configuration mode: 1
2025-02-21 00:45:06,196 [INFO] JxBrowserEngine:152 - Initiate JxBrowser Engine with user profile folder
2025-02-21 00:45:06,325 [INFO] CheckServerUpdateThread:120 - End of CheckServer Thread
2025-02-21 00:45:08,182 [WARN] PackLoader:240 - Cannot read IP mode file for STMicroelectronics.FP-SNS-MOTENVWB1.1.4.0
2025-02-21 00:45:08,197 [WARN] PackLoader:240 - Cannot read IP mode file for STMicroelectronics.FP-ATR-ASTRA1.2.0.1
2025-02-21 00:45:08,209 [WARN] PackLoader:240 - Cannot read IP mode file for STMicroelectronics.X-CUBE-SMBUS.2.1.0
2025-02-21 00:45:08,222 [WARN] PackLoader:240 - Cannot read IP mode file for STMicroelectronics.X-CUBE-WB05N.1.1.0
2025-02-21 00:45:08,234 [WARN] PackLoader:240 - Cannot read IP mode file for STMicroelectronics.X-CUBE-TOUCHGFX.4.23.2
2025-02-21 00:45:08,268 [WARN] PackLoader:240 - Cannot read IP mode file for STMicroelectronics.X-CUBE-AZRTOS-F7.1.1.0
2025-02-21 00:45:08,323 [WARN] PackLoader:240 - Cannot read IP mode file for STMicroelectronics.X-CUBE-MEMS1.11.0.0
2025-02-21 00:45:08,410 [WARN] PackLoader:240 - Cannot read IP mode file for STMicroelectronics.FP-SNS-FLIGHT1.5.0.2
2025-02-21 00:45:08,424 [WARN] PackLoader:240 - Cannot read IP mode file for STMicroelectronics.X-CUBE-DISPLAY.3.0.0
2025-02-21 00:45:08,437 [WARN] PackLoader:240 - Cannot read IP mode file for STMicroelectronics.X-CUBE-BLE1.7.0.0
2025-02-21 00:45:08,448 [WARN] PackLoader:240 - Cannot read IP mode file for STMicroelectronics.X-CUBE-NFC10.1.0.0
2025-02-21 00:45:08,462 [WARN] PackLoader:240 - Cannot read IP mode file for STMicroelectronics.X-CUBE-BLEMGR.4.0.0
2025-02-21 00:45:08,475 [WARN] PackLoader:240 - Cannot read IP mode file for emotas.I-CUBE-CANOPEN.1.3.0
2025-02-21 00:45:08,488 [WARN] PackLoader:240 - Cannot read IP mode file for STMicroelectronics.X-CUBE-BLEMGR.3.1.0
2025-02-21 00:45:08,499 [WARN] PackLoader:240 - Cannot read IP mode file for STMicroelectronics.X-CUBE-AI.10.0.0
2025-02-21 00:45:08,510 [WARN] PackLoader:240 - Cannot read IP mode file for STMicroelectronics.FP-SNS-SMARTAG2.1.2.0
2025-02-21 00:45:08,551 [WARN] PackLoader:240 - Cannot read IP mode file for STMicroelectronics.X-CUBE-MEMS1.11.1.0
2025-02-21 00:45:08,632 [INFO] LogOutputStream:77 - [STDOUT_REDIRECT] 1 : Invalid condition id : UX_CORESTACK_Condition cause : null
2025-02-21 00:45:08,633 [INFO] LogOutputStream:77 - [STDOUT_REDIRECT] 1 : Invalid condition id : UX_CORESTACK_Condition cause : null
2025-02-21 00:45:08,635 [INFO] LogOutputStream:77 - [STDOUT_REDIRECT] 1 : Invalid condition id : UX_CORESTACK_Condition cause : null
2025-02-21 00:45:08,636 [INFO] LogOutputStream:77 - [STDOUT_REDIRECT] 1 : Invalid condition id : UX_CORESTACK_Condition cause : null
2025-02-21 00:45:08,637 [INFO] LogOutputStream:77 - [STDOUT_REDIRECT] 1 : Invalid condition id : UX_CORESTACK_Condition cause : null
2025-02-21 00:45:08,640 [WARN] PackLoader:240 - Cannot read IP mode file for STMicroelectronics.X-CUBE-AZRTOS-WL.2.0.0
2025-02-21 00:45:08,654 [WARN] PackLoader:240 - Cannot read IP mode file for STMicroelectronics.FP-SNS-MOTENV1.5.0.0
2025-02-21 00:45:08,669 [WARN] PackLoader:240 - Cannot read IP mode file for wolfSSL.I-CUBE-wolfMQTT.1.19.0
2025-02-21 00:45:08,714 [WARN] PackLoader:240 - Cannot read IP mode file for WES.I-CUBE-Cesium.1.3.0
2025-02-21 00:45:08,726 [WARN] PackLoader:240 - Cannot read IP mode file for STMicroelectronics.X-CUBE-BLE2.3.3.0
2025-02-21 00:45:08,738 [WARN] PackLoader:240 - Cannot read IP mode file for STMicroelectronics.X-CUBE-NFC9.1.0.0
2025-02-21 00:45:08,819 [WARN] PackLoader:240 - Cannot read IP mode file for STMicroelectronics.X-CUBE-TCPP.4.1.0
2025-02-21 00:45:08,852 [WARN] PackLoader:240 - Cannot read IP mode file for STMicroelectronics.X-CUBE-AZRTOS-G0.1.1.0
2025-02-21 00:45:08,873 [WARN] PackLoader:240 - Cannot read IP mode file for STMicroelectronics.X-CUBE-SAFEA1.1.2.2
2025-02-21 00:45:08,889 [WARN] PackLoader:240 - Cannot read IP mode file for STMicroelectronics.X-CUBE-NFC4.3.0.0
2025-02-21 00:45:08,907 [WARN] PackLoader:240 - Cannot read IP mode file for EmbeddedOffice.I-CUBE-FS-RTOS.1.0.1
2025-02-21 00:45:08,908 [ERROR] ConditionMgr:805 - Attr not supported : Dmpu
2025-02-21 00:45:08,908 [ERROR] ConditionMgr:805 - Attr not supported : Dmpu
2025-02-21 00:45:08,908 [ERROR] ConditionMgr:805 - Attr not supported : Dmpu
2025-02-21 00:45:08,908 [ERROR] ConditionMgr:805 - Attr not supported : Dmpu
2025-02-21 00:45:08,908 [ERROR] ConditionMgr:805 - Attr not supported : Dmpu
2025-02-21 00:45:08,908 [ERROR] ConditionMgr:805 - Attr not supported : Dmpu
2025-02-21 00:45:08,908 [ERROR] ConditionMgr:805 - Attr not supported : Dmpu
2025-02-21 00:45:08,908 [ERROR] ConditionMgr:805 - Attr not supported : Dmpu
2025-02-21 00:45:08,908 [ERROR] ConditionMgr:805 - Attr not supported : Dmpu
2025-02-21 00:45:08,908 [ERROR] ConditionMgr:805 - Attr not supported : Dmpu
2025-02-21 00:45:08,908 [ERROR] ConditionMgr:805 - Attr not supported : Dmpu
2025-02-21 00:45:08,908 [ERROR] ConditionMgr:805 - Attr not supported : Dmpu
2025-02-21 00:45:08,908 [ERROR] ConditionMgr:805 - Attr not supported : Dmpu
2025-02-21 00:45:08,908 [ERROR] ConditionMgr:805 - Attr not supported : Dmpu
2025-02-21 00:45:08,908 [ERROR] ConditionMgr:805 - Attr not supported : Dmpu
2025-02-21 00:45:08,908 [ERROR] ConditionMgr:805 - Attr not supported : Dmpu
2025-02-21 00:45:08,908 [ERROR] ConditionMgr:805 - Attr not supported : Dmpu
2025-02-21 00:45:08,908 [ERROR] ConditionMgr:805 - Attr not supported : Dmpu
2025-02-21 00:45:08,909 [ERROR] ConditionMgr:805 - Attr not supported : Dmpu
2025-02-21 00:45:08,909 [ERROR] ConditionMgr:805 - Attr not supported : Dmpu
2025-02-21 00:45:08,909 [ERROR] ConditionMgr:805 - Attr not supported : Dmpu
2025-02-21 00:45:08,909 [ERROR] ConditionMgr:805 - Attr not supported : Dmpu
2025-02-21 00:45:08,909 [ERROR] ConditionMgr:805 - Attr not supported : Dmpu
2025-02-21 00:45:08,909 [ERROR] ConditionMgr:805 - Attr not supported : Dmpu
2025-02-21 00:45:08,909 [ERROR] ConditionMgr:805 - Attr not supported : Dmpu
2025-02-21 00:45:08,909 [ERROR] ConditionMgr:805 - Attr not supported : Dmpu
2025-02-21 00:45:08,909 [ERROR] ConditionMgr:805 - Attr not supported : Dmpu
2025-02-21 00:45:08,909 [ERROR] ConditionMgr:805 - Attr not supported : Dmpu
2025-02-21 00:45:08,909 [ERROR] ConditionMgr:805 - Attr not supported : Dmpu
2025-02-21 00:45:08,909 [ERROR] ConditionMgr:805 - Attr not supported : Dmpu
2025-02-21 00:45:08,909 [ERROR] ConditionMgr:805 - Attr not supported : Dmpu
2025-02-21 00:45:08,909 [ERROR] ConditionMgr:805 - Attr not supported : Dmpu
2025-02-21 00:45:08,909 [ERROR] ConditionMgr:805 - Attr not supported : Dmpu
2025-02-21 00:45:08,909 [ERROR] ConditionMgr:805 - Attr not supported : Dmpu
2025-02-21 00:45:08,909 [ERROR] ConditionMgr:805 - Attr not supported : Dmpu
2025-02-21 00:45:08,909 [ERROR] ConditionMgr:805 - Attr not supported : Dmpu
2025-02-21 00:45:08,909 [ERROR] ConditionMgr:805 - Attr not supported : Dmpu
2025-02-21 00:45:08,909 [ERROR] ConditionMgr:805 - Attr not supported : Dmpu
2025-02-21 00:45:08,909 [ERROR] ConditionMgr:805 - Attr not supported : Dmpu
2025-02-21 00:45:08,909 [ERROR] ConditionMgr:805 - Attr not supported : Dmpu
2025-02-21 00:45:08,909 [ERROR] ConditionMgr:805 - Attr not supported : Dmpu
2025-02-21 00:45:08,909 [ERROR] ConditionMgr:805 - Attr not supported : Dmpu
2025-02-21 00:45:08,909 [ERROR] ConditionMgr:805 - Attr not supported : Dmpu
2025-02-21 00:45:08,909 [ERROR] ConditionMgr:805 - Attr not supported : Dmpu
2025-02-21 00:45:08,909 [ERROR] ConditionMgr:805 - Attr not supported : Dmpu
2025-02-21 00:45:08,910 [ERROR] ConditionMgr:805 - Attr not supported : Dmpu
2025-02-21 00:45:08,910 [ERROR] ConditionMgr:805 - Attr not supported : Dmpu
2025-02-21 00:45:08,910 [ERROR] ConditionMgr:805 - Attr not supported : Dmpu
2025-02-21 00:45:08,910 [ERROR] ConditionMgr:805 - Attr not supported : Dmpu
2025-02-21 00:45:08,910 [ERROR] ConditionMgr:805 - Attr not supported : Dmpu
2025-02-21 00:45:08,910 [ERROR] ConditionMgr:805 - Attr not supported : Dmpu
2025-02-21 00:45:08,910 [ERROR] ConditionMgr:805 - Attr not supported : Dmpu
2025-02-21 00:45:08,910 [ERROR] ConditionMgr:805 - Attr not supported : Dmpu
2025-02-21 00:45:08,910 [ERROR] ConditionMgr:805 - Attr not supported : Dmpu
2025-02-21 00:45:08,910 [ERROR] ConditionMgr:805 - Attr not supported : Dmpu
2025-02-21 00:45:08,910 [ERROR] ConditionMgr:805 - Attr not supported : Dmpu
2025-02-21 00:45:08,910 [ERROR] ConditionMgr:805 - Attr not supported : Dmpu
2025-02-21 00:45:08,910 [ERROR] ConditionMgr:805 - Attr not supported : Dmpu
2025-02-21 00:45:08,910 [ERROR] ConditionMgr:805 - Attr not supported : Dmpu
2025-02-21 00:45:08,910 [ERROR] ConditionMgr:805 - Attr not supported : Dmpu
2025-02-21 00:45:08,910 [ERROR] ConditionMgr:805 - Attr not supported : Dmpu
2025-02-21 00:45:08,910 [ERROR] ConditionMgr:805 - Attr not supported : Dmpu
2025-02-21 00:45:08,910 [ERROR] ConditionMgr:805 - Attr not supported : Dmpu
2025-02-21 00:45:08,910 [ERROR] ConditionMgr:805 - Attr not supported : Dmpu
2025-02-21 00:45:08,924 [ERROR] Engine:466 - C:\Users\lmthu\.stm32cubemx\thirdparties\pdsc\STMicroelectronics.X-CUBE-TCPP.4.2.0.pdsc: PDSC version is not supported
2025-02-21 00:45:08,934 [WARN] PackLoader:240 - Cannot read IP mode file for RealThread.X-CUBE-RT-Thread_Nano.4.1.1
2025-02-21 00:45:08,945 [WARN] PackLoader:240 - Cannot read IP mode file for wolfSSL.I-CUBE-wolfSSL.5.7.0
2025-02-21 00:45:08,956 [WARN] PackLoader:240 - Cannot read IP mode file for STMicroelectronics.FP-ATR-SIGFOX1.3.2.0
2025-02-21 00:45:08,968 [WARN] ConditionMgr:438 - getConditionDescription Invalid condition id : Cortex-A Device cause : null
2025-02-21 00:45:09,010 [WARN] ConditionMgr:1039 - genDependencies : Invalid condition id : Cortex-A Device cause : null
2025-02-21 00:45:09,010 [WARN] ConditionMgr:1039 - genDependencies : Invalid condition id : Cortex-A Device cause : null
2025-02-21 00:45:09,010 [WARN] ConditionMgr:1039 - genDependencies : Invalid condition id : Cortex-A Device cause : null
2025-02-21 00:45:09,031 [WARN] PackLoader:240 - Cannot read IP mode file for STMicroelectronics.X-CUBE-EEPRMA1.5.1.0
2025-02-21 00:45:09,054 [WARN] PackLoader:240 - Cannot read IP mode file for ITTIA_DB.I-CUBE-ITTIADB.8.9.0
2025-02-21 00:45:09,089 [WARN] PackLoader:240 - Cannot read IP mode file for SEGGER.I-CUBE-embOS.1.3.1
2025-02-21 00:45:09,119 [WARN] PackLoader:240 - Cannot read IP mode file for STMicroelectronics.X-CUBE-ALGOBUILD.1.4.0
2025-02-21 00:45:09,134 [WARN] PackLoader:240 - Cannot read IP mode file for STMicroelectronics.X-CUBE-AI.9.1.0
2025-02-21 00:45:09,146 [WARN] PackLoader:240 - Cannot read IP mode file for STMicroelectronics.X-CUBE-GNSS1.6.0.0
2025-02-21 00:45:09,168 [WARN] PackLoader:240 - Cannot read IP mode file for STMicroelectronics.X-CUBE-AZRTOS-F4.1.1.0
2025-02-21 00:45:09,180 [WARN] PackLoader:240 - Cannot read IP mode file for STMicroelectronics.X-CUBE-ISPU.2.1.0
2025-02-21 00:45:09,192 [WARN] PackLoader:240 - Cannot read IP mode file for STMicroelectronics.X-CUBE-FREERTOS.1.2.0
2025-02-21 00:45:09,214 [WARN] PackLoader:240 - Cannot read IP mode file for STMicroelectronics.X-CUBE-AZRTOS-L5.2.0.0
2025-02-21 00:45:09,228 [WARN] PackLoader:240 - Cannot read IP mode file for STMicroelectronics.X-CUBE-NFC6.3.1.0
2025-02-21 00:45:09,241 [WARN] PackLoader:240 - Cannot read IP mode file for STMicroelectronics.X-CUBE-DPower.1.2.0
2025-02-21 00:45:09,251 [WARN] PackLoader:240 - Cannot read IP mode file for STMicroelectronics.X-CUBE-AI.9.0.0
2025-02-21 00:45:09,261 [WARN] PackLoader:240 - Cannot read IP mode file for STMicroelectronics.X-CUBE-FREERTOS.1.3.0
2025-02-21 00:45:09,272 [WARN] PackLoader:240 - Cannot read IP mode file for STMicroelectronics.X-CUBE-NFC7.1.0.1
2025-02-21 00:45:09,283 [WARN] PackLoader:240 - Cannot read IP mode file for wolfSSL.I-CUBE-wolfTPM.3.2.0
2025-02-21 00:45:09,304 [WARN] ConditionMgr:438 - getConditionDescription Invalid condition id : LAN8742 Phy interface Condition cause : null
2025-02-21 00:45:09,304 [WARN] PackLoader:240 - Cannot read IP mode file for STMicroelectronics.X-CUBE-AZRTOS-L4.2.0.0
2025-02-21 00:45:09,305 [WARN] ConditionMgr:1039 - genDependencies : Invalid condition id : LAN8742 Phy interface Condition cause : null
2025-02-21 00:45:09,305 [WARN] ConditionMgr:1039 - genDependencies : Invalid condition id : LAN8742 Phy interface Condition cause : null
2025-02-21 00:45:09,305 [WARN] ConditionMgr:1039 - genDependencies : Invalid condition id : LAN8742 Phy interface Condition cause : null
2025-02-21 00:45:09,322 [WARN] PackLoader:240 - Cannot read IP mode file for STMicroelectronics.X-CUBE-SFXS2LP1.4.0.0
2025-02-21 00:45:09,351 [WARN] PackLoader:240 - Cannot read IP mode file for STMicroelectronics.X-CUBE-AZRTOS-H7.3.3.0
2025-02-21 00:45:09,369 [WARN] PackLoader:240 - Cannot read IP mode file for STMicroelectronics.X-CUBE-IPS.3.0.0
2025-02-21 00:45:09,387 [WARN] ConditionMgr:438 - getConditionDescription Invalid condition id : UX DEVICE CLASS RTOS Condition cause : null
2025-02-21 00:45:09,387 [WARN] ConditionMgr:438 - getConditionDescription Invalid condition id : UX DEVICE CLASS RTOS Condition cause : null
2025-02-21 00:45:09,389 [WARN] PackLoader:240 - Cannot read IP mode file for STMicroelectronics.X-CUBE-AZRTOS-WB.2.0.0
2025-02-21 00:45:09,389 [WARN] ConditionMgr:1039 - genDependencies : Invalid condition id : UX DEVICE CLASS RTOS Condition cause : null
2025-02-21 00:45:09,389 [WARN] ConditionMgr:1039 - genDependencies : Invalid condition id : UX DEVICE CLASS RTOS Condition cause : null
2025-02-21 00:45:09,389 [WARN] ConditionMgr:1039 - genDependencies : Invalid condition id : UX DEVICE CLASS RTOS Condition cause : null
2025-02-21 00:45:09,389 [WARN] ConditionMgr:1039 - genDependencies : Invalid condition id : UX DEVICE CLASS RTOS Condition cause : null
2025-02-21 00:45:09,389 [WARN] ConditionMgr:1039 - genDependencies : Invalid condition id : UX DEVICE CLASS RTOS Condition cause : null
2025-02-21 00:45:09,400 [WARN] PackLoader:240 - Cannot read IP mode file for STMicroelectronics.X-CUBE-GNSS1.7.0.0
2025-02-21 00:45:09,412 [WARN] PackLoader:240 - Cannot read IP mode file for STMicroelectronics.X-CUBE-GNSS1.7.0.1
2025-02-21 00:45:09,425 [WARN] PackLoader:240 - Cannot read IP mode file for STMicroelectronics.FP-SNS-STBOX1.2.0.0
2025-02-21 00:45:09,441 [WARN] PackLoader:240 - Cannot read IP mode file for STMicroelectronics.X-CUBE-SUBG2.5.0.0
2025-02-21 00:45:09,455 [WARN] PackLoader:240 - Cannot read IP mode file for Cesanta.I-CUBE-Mongoose.7.13.0
2025-02-21 00:45:09,473 [WARN] PackLoader:240 - Cannot read IP mode file for STMicroelectronics.X-CUBE-AZRTOS-G4.2.0.0
2025-02-21 00:45:09,484 [WARN] PackLoader:240 - Cannot read IP mode file for STMicroelectronics.X-CUBE-ISPU.2.0.0
2025-02-21 00:45:09,496 [ERROR] Engine:466 - C:\Users\lmthu\.stm32cubemx\thirdparties\pdsc\STMicroelectronics.X-CUBE-IPS.3.1.0.pdsc: PDSC version is not supported
2025-02-21 00:45:09,506 [WARN] PackLoader:240 - Cannot read IP mode file for STMicroelectronics.X-CUBE-ALS.1.0.2
2025-02-21 00:45:09,537 [WARN] PackLoader:240 - Cannot read IP mode file for STMicroelectronics.X-CUBE-MEMS1.10.0.0
2025-02-21 00:45:09,609 [WARN] PackLoader:240 - Cannot read IP mode file for STMicroelectronics.X-CUBE-TOUCHGFX.4.24.0
2025-02-21 00:45:09,620 [WARN] PackLoader:240 - Cannot read IP mode file for STMicroelectronics.X-CUBE-TOUCHGFX.4.24.2
2025-02-21 00:45:09,631 [WARN] PackLoader:240 - Cannot read IP mode file for STMicroelectronics.X-CUBE-TOUCHGFX.4.24.1
2025-02-21 00:45:09,646 [WARN] PackLoader:240 - Cannot read IP mode file for portGmbH.I-Cube-SoM-uGOAL.1.1.0
2025-02-21 00:45:09,661 [WARN] PackLoader:240 - Cannot read IP mode file for STMicroelectronics.X-CUBE-ALS.1.0.1
2025-02-21 00:45:09,680 [WARN] PackLoader:240 - Cannot read IP mode file for STMicroelectronics.X-CUBE-AZRTOS-H7RS.1.0.0
2025-02-21 00:45:09,694 [WARN] PackLoader:240 - Cannot read IP mode file for STMicroelectronics.FP-ATR-ASTRA1.2.0.0
2025-02-21 00:45:09,709 [WARN] PackLoader:240 - Cannot read IP mode file for STMicroelectronics.X-CUBE-TOF1.3.4.2
2025-02-21 00:45:09,734 [WARN] PackLoader:240 - Cannot read IP mode file for STMicroelectronics.X-CUBE-TOF1.3.4.1
2025-02-21 00:45:09,757 [WARN] PackLoader:240 - Cannot read IP mode file for STMicroelectronics.X-CUBE-AZRTOS-H7.3.2.0
2025-02-21 00:45:09,786 [WARN] PackLoader:240 - Cannot read IP mode file for Infineon.AIROC-Wi-Fi-Bluetooth-STM32.1.6.0
2025-02-21 00:45:09,806 [WARN] PackLoader:240 - Cannot read IP mode file for wolfSSL.I-CUBE-wolfSSH.1.4.17
2025-02-21 00:45:09,808 [INFO] ThirdParty:978 - Integrity check success = true
2025-02-21 00:45:09,808 [INFO] IntegrityCheckThread:100 - exiting critical section [integrity check]
2025-02-21 00:45:09,808 [INFO] IntegrityCheckThread:103 - End integrity checks thread
2025-02-21 00:45:10,005 [INFO] WebApp:161 - Instantiating new browser for Auth
2025-02-21 00:45:10,430 [INFO] WebApp:779 - Register for checkConnection events
2025-02-21 00:45:10,430 [INFO] WebApp:414 - Apply proxy settings
2025-02-21 00:45:10,430 [INFO] WebApp:499 - Chromium requires no authentication
2025-02-21 00:45:10,435 [INFO] WebApp:442 - Direct internet connection detected
2025-02-21 00:45:10,544 [INFO] WebApp:192 - Starting web application
2025-02-21 00:45:10,545 [INFO] WebApp:544 - Web application path used C:\ST\STM32CubeIDE_1.15.1\STM32CubeIDE\plugins\com.st.stm32cube.common.mx_6.11.1.202404110753\db\plugins\mcufinder\reactClient1\index.html
