2025-02-26 00:34:07,307 [INFO] Activator:176 - 


2025-02-26 00:34:07,311 [INFO] Activator:177 - !SESSION log4j initialized
2025-02-26 00:34:12,208 [INFO] LogOutputStream:77 - [STDOUT_REDIRECT] 
2025-02-26 00:34:18,254 [INFO] ApplicationProperties:184 - Using Application install path: C:\ST\STM32CubeIDE_1.15.1\STM32CubeIDE\plugins\com.st.stm32cube.common.mx_6.11.1.202404110753
2025-02-26 00:34:18,268 [INFO] DbMcusXml:78 - Set database path to: C:\ST\STM32CubeIDE_1.15.1\STM32CubeIDE\plugins\com.st.stm32cube.common.mx_6.11.1.202404110753\\db\/mcu/
2025-02-26 00:34:18,269 [INFO] ApiDb:274 - Set plugin database path to: C:\ST\STM32CubeIDE_1.15.1\STM32CubeIDE\plugins\com.st.stm32cube.common.mx_6.11.1.202404110753\\db\/plugins/boardmanager/
2025-02-26 00:34:18,269 [WARN] ApiDb:259 - Overriding images path with different value:  => C:\ST\STM32CubeIDE_1.15.1\STM32CubeIDE\plugins\com.st.stm32cube.common.mx_6.11.1.202404110753\\db\/plugins/mcufinder/images/
2025-02-26 00:34:18,280 [INFO] ApiDb:250 - Set database path to: C:\Users\lmthu\.stmcufinder\plugins\mcufinder//mcu/
2025-02-26 00:34:18,281 [INFO] DbMcusAds:125 - Set database path to: C:\Users\lmthu\.stmcufinder\plugins\mcufinder//mcu/
2025-02-26 00:34:18,282 [INFO] CrossReferenceDbSqlite:203 - Set database path to: C:\Users\lmthu\.stmcufinder\plugins\mcufinder//mcu/cs/
2025-02-26 00:34:18,372 [INFO] RulesReader:64 - Compatibility file has been processed (297 Rules)
2025-02-26 00:34:18,439 [INFO] DbMcusXml:78 - Set database path to: C:\ST\STM32CubeIDE_1.15.1\STM32CubeIDE\plugins\com.st.stm32cube.common.mx_6.11.1.202404110753\\db\/mcu/
2025-02-26 00:34:18,439 [INFO] ApiDb:274 - Set plugin database path to: C:\ST\STM32CubeIDE_1.15.1\STM32CubeIDE\plugins\com.st.stm32cube.common.mx_6.11.1.202404110753\\db\/plugins/boardmanager/
2025-02-26 00:34:18,440 [INFO] ApiDb:261 - Set plugin images path to: C:\ST\STM32CubeIDE_1.15.1\STM32CubeIDE\plugins\com.st.stm32cube.common.mx_6.11.1.202404110753\\db\/plugins/mcufinder/images/
2025-02-26 00:34:18,440 [WARN] DbFile:41 - Overriding database path with different value: C:\Users\lmthu\.stmcufinder\plugins\mcufinder/ => C:\Users\lmthu\.stmcufinder\plugins\mcufinder
2025-02-26 00:34:18,440 [INFO] ApiDb:250 - Set database path to: C:\Users\lmthu\.stmcufinder\plugins\mcufinder//mcu/
2025-02-26 00:34:18,440 [WARN] DbFile:41 - Overriding database path with different value: C:\Users\lmthu\.stmcufinder\plugins\mcufinder/ => C:\Users\lmthu\.stmcufinder\plugins\mcufinder
2025-02-26 00:34:18,440 [INFO] DbMcusAds:125 - Set database path to: C:\Users\lmthu\.stmcufinder\plugins\mcufinder//mcu/
2025-02-26 00:34:18,440 [WARN] DbFile:41 - Overriding database path with different value: C:\Users\lmthu\.stmcufinder\plugins\mcufinder/ => C:\Users\lmthu\.stmcufinder\plugins\mcufinder
2025-02-26 00:34:18,440 [WARN] DbFile:41 - Overriding database path with different value: C:\Users\lmthu\.stmcufinder\plugins\mcufinder/ => C:\Users\lmthu\.stmcufinder\plugins\mcufinder
2025-02-26 00:34:18,440 [INFO] CrossReferenceDbSqlite:203 - Set database path to: C:\Users\lmthu\.stmcufinder\plugins\mcufinder//mcu/cs/
2025-02-26 00:34:18,502 [INFO] MainPanel:264 - HeapMemory: 268435456
2025-02-26 00:34:18,574 [INFO] DbMcusXml:78 - Set database path to: C:\ST\STM32CubeIDE_1.15.1\STM32CubeIDE\plugins\com.st.stm32cube.common.mx_6.11.1.202404110753\\db\/mcu/
2025-02-26 00:34:18,574 [INFO] ApiDb:274 - Set plugin database path to: C:\ST\STM32CubeIDE_1.15.1\STM32CubeIDE\plugins\com.st.stm32cube.common.mx_6.11.1.202404110753\\db\/plugins/boardmanager/
2025-02-26 00:34:18,574 [INFO] ApiDb:261 - Set plugin images path to: C:\ST\STM32CubeIDE_1.15.1\STM32CubeIDE\plugins\com.st.stm32cube.common.mx_6.11.1.202404110753\\db\/plugins/mcufinder/images/
2025-02-26 00:34:18,574 [WARN] DbFile:41 - Overriding database path with different value: C:\Users\lmthu\.stmcufinder\plugins\mcufinder/ => C:\Users\lmthu\.stmcufinder\plugins\mcufinder
2025-02-26 00:34:18,574 [INFO] ApiDb:250 - Set database path to: C:\Users\lmthu\.stmcufinder\plugins\mcufinder//mcu/
2025-02-26 00:34:18,574 [WARN] DbFile:41 - Overriding database path with different value: C:\Users\lmthu\.stmcufinder\plugins\mcufinder/ => C:\Users\lmthu\.stmcufinder\plugins\mcufinder
2025-02-26 00:34:18,574 [INFO] DbMcusAds:125 - Set database path to: C:\Users\lmthu\.stmcufinder\plugins\mcufinder//mcu/
2025-02-26 00:34:18,574 [WARN] DbFile:41 - Overriding database path with different value: C:\Users\lmthu\.stmcufinder\plugins\mcufinder/ => C:\Users\lmthu\.stmcufinder\plugins\mcufinder
2025-02-26 00:34:18,574 [WARN] DbFile:41 - Overriding database path with different value: C:\Users\lmthu\.stmcufinder\plugins\mcufinder/ => C:\Users\lmthu\.stmcufinder\plugins\mcufinder
2025-02-26 00:34:18,574 [INFO] CrossReferenceDbSqlite:203 - Set database path to: C:\Users\lmthu\.stmcufinder\plugins\mcufinder//mcu/cs/
2025-02-26 00:34:18,589 [INFO] ApplicationProperties:184 - Using Application install path: C:\ST\STM32CubeIDE_1.15.1\STM32CubeIDE\plugins\com.st.stm32cube.common.mx_6.11.1.202404110753
2025-02-26 00:34:18,590 [INFO] PluginManage:196 - Search for loadable plugins [exclusion list=, ]
2025-02-26 00:34:18,591 [INFO] PluginManage:310 - Check plugin analytics
2025-02-26 00:34:23,758 [INFO] AnalyticsPlugin:253 - Accepted Software Licenses: STM32CubeMX.6.11.1
2025-02-26 00:34:23,759 [INFO] AnalyticsPlugin:255 - Accepted CMSIS Pack Licenses: 
2025-02-26 00:34:23,759 [INFO] AnalyticsPlugin:257 - Accepted Firmware Licenses: FW.F4.1.28.0
2025-02-26 00:34:23,761 [INFO] PluginManage:359 - Loaded plugin analytics (category:tool,tabindex:-1)
2025-02-26 00:34:23,762 [INFO] PluginManage:310 - Check plugin cadmodel
2025-02-26 00:34:23,777 [INFO] CADModel:105 - Init CAD model plugin
2025-02-26 00:34:23,777 [INFO] PluginManage:359 - Loaded plugin cadmodel (category:power,tabindex:5)
2025-02-26 00:34:23,777 [INFO] PluginManage:310 - Check plugin clock
2025-02-26 00:34:23,793 [INFO] PluginManage:359 - Loaded plugin clock (category:base,tabindex:2)
2025-02-26 00:34:23,793 [INFO] PluginManage:310 - Check plugin ddr
2025-02-26 00:34:23,795 [INFO] PluginManage:359 - Loaded plugin ddr (category:tool,tabindex:6)
2025-02-26 00:34:23,795 [INFO] PluginManage:310 - Check plugin filemanager
2025-02-26 00:34:23,906 [INFO] PluginManage:359 - Loaded plugin filemanager (category:base,tabindex:10)
2025-02-26 00:34:23,906 [INFO] PluginManage:310 - Check plugin ipmanager
2025-02-26 00:34:23,911 [INFO] PluginManage:359 - Loaded plugin ipmanager (category:base,tabindex:5)
2025-02-26 00:34:23,911 [INFO] PluginManage:310 - Check plugin lpbam
2025-02-26 00:34:23,927 [INFO] PluginManage:359 - Loaded plugin lpbam (category:base,tabindex:0)
2025-02-26 00:34:23,928 [INFO] PluginManage:310 - Check plugin memorymap
2025-02-26 00:34:23,947 [INFO] PluginManage:359 - Loaded plugin memorymap (category:base,tabindex:4)
2025-02-26 00:34:23,947 [INFO] PluginManage:310 - Check plugin pinoutandconfiguration
2025-02-26 00:34:23,964 [INFO] PluginManage:359 - Loaded plugin pinoutandconfiguration (category:base,tabindex:1)
2025-02-26 00:34:23,964 [INFO] PluginManage:310 - Check plugin pinoutconfig
2025-02-26 00:34:24,037 [WARN] SupportedApi:132 - Cannot load RTOS API schema: s4s-elt-must-match.1: The content of 'definitions' must match (annotation?, (simpleType | complexType)?, (unique | key | keyref)*)). A problem was found starting at: attribute.
2025-02-26 00:34:24,139 [INFO] PluginManage:359 - Loaded plugin pinoutconfig (category:base,tabindex:0)
2025-02-26 00:34:24,139 [INFO] PluginManage:310 - Check plugin power
2025-02-26 00:34:24,159 [INFO] PluginManage:359 - Loaded plugin power (category:power,tabindex:4)
2025-02-26 00:34:24,159 [INFO] PluginManage:310 - Check plugin projectmanager
2025-02-26 00:34:24,189 [INFO] PluginManage:359 - Loaded plugin projectmanager (category:projectmanager,tabindex:3)
2025-02-26 00:34:24,189 [INFO] PluginManage:310 - Check plugin thirdparty
2025-02-26 00:34:24,440 [INFO] PluginManage:359 - Loaded plugin thirdparty (category:base,tabindex:-1)
2025-02-26 00:34:24,440 [INFO] PluginManage:310 - Check plugin tools
2025-02-26 00:34:24,440 [WARN] IntegrityCheckThread:84 - waiting for thirdparty lock release [integrity check]
2025-02-26 00:34:24,441 [INFO] IntegrityCheckThread:86 - entering critical section [integrity check]
2025-02-26 00:34:24,441 [INFO] ThirdPartyUpdaterWithRetryManager:70 - Updater plugin not ready yet. [1/15]
2025-02-26 00:34:24,469 [INFO] PluginManage:359 - Loaded plugin tools (category:base,tabindex:7)
2025-02-26 00:34:24,469 [INFO] PluginManage:310 - Check plugin tutovideos
2025-02-26 00:34:24,626 [INFO] PluginManage:359 - Loaded plugin tutovideos (category:base,tabindex:-1)
2025-02-26 00:34:24,627 [INFO] PluginManage:310 - Check plugin updater
2025-02-26 00:34:24,637 [INFO] PluginManage:359 - Loaded plugin updater (category:base,tabindex:12)
2025-02-26 00:34:24,637 [INFO] PluginManage:310 - Check plugin userauth
2025-02-26 00:34:24,642 [INFO] UserAuth:114 - Init User Auth plugin
2025-02-26 00:34:24,642 [INFO] PluginManage:359 - Loaded plugin userauth (category:base,tabindex:14)
2025-02-26 00:34:24,642 [INFO] PluginManage:283 - PluginManage : Loaded plugins [17]
2025-02-26 00:34:24,809 [INFO] PinOutPanel:1561 - setPackage(No Configuration,No Configuration)
2025-02-26 00:34:24,862 [INFO] CADModel:165 - CPN selected for project level
2025-02-26 00:34:24,862 [INFO] CADModel:114 - Register for checkConnection events
2025-02-26 00:34:24,884 [INFO] IPUIPlugin:80 - create IPUIPlugin
2025-02-26 00:34:24,884 [INFO] PluginManager:220 - loadIPPluginJar : add adc
2025-02-26 00:34:24,915 [INFO] IPUIPlugin:80 - create IPUIPlugin
2025-02-26 00:34:24,915 [INFO] PluginManager:220 - loadIPPluginJar : add aes
2025-02-26 00:34:24,949 [INFO] IPUIPlugin:80 - create IPUIPlugin
2025-02-26 00:34:24,949 [INFO] PluginManager:220 - loadIPPluginJar : add can
2025-02-26 00:34:24,968 [INFO] IPUIPlugin:80 - create IPUIPlugin
2025-02-26 00:34:24,969 [INFO] PluginManager:220 - loadIPPluginJar : add comp
2025-02-26 00:34:24,996 [INFO] IPUIPlugin:80 - create IPUIPlugin
2025-02-26 00:34:24,996 [INFO] PluginManager:220 - loadIPPluginJar : add cryp
2025-02-26 00:34:25,019 [INFO] IPUIPlugin:80 - create IPUIPlugin
2025-02-26 00:34:25,019 [INFO] PluginManager:220 - loadIPPluginJar : add dfsdm
2025-02-26 00:34:25,031 [INFO] IPUIPlugin:80 - create IPUIPlugin
2025-02-26 00:34:25,032 [INFO] PluginManager:220 - loadIPPluginJar : add dma
2025-02-26 00:34:25,071 [INFO] IPUIPlugin:80 - create IPUIPlugin
2025-02-26 00:34:25,071 [INFO] PluginManager:220 - loadIPPluginJar : add dma3
2025-02-26 00:34:25,104 [INFO] IPUIPlugin:80 - create IPUIPlugin
2025-02-26 00:34:25,104 [INFO] PluginManager:220 - loadIPPluginJar : add extmemmanager
2025-02-26 00:34:25,122 [INFO] IPUIPlugin:80 - create IPUIPlugin
2025-02-26 00:34:25,122 [INFO] PluginManager:220 - loadIPPluginJar : add fatfs
2025-02-26 00:34:25,160 [INFO] IPUIPlugin:80 - create IPUIPlugin
2025-02-26 00:34:25,160 [INFO] PluginManager:220 - loadIPPluginJar : add fmc
2025-02-26 00:34:25,174 [INFO] IPUIPlugin:80 - create IPUIPlugin
2025-02-26 00:34:25,174 [INFO] PluginManager:220 - loadIPPluginJar : add freertos
2025-02-26 00:34:25,193 [INFO] IPUIPlugin:80 - create IPUIPlugin
2025-02-26 00:34:25,193 [INFO] PluginManager:220 - loadIPPluginJar : add genericplugin
2025-02-26 00:34:25,261 [INFO] IPUIPlugin:80 - create IPUIPlugin
2025-02-26 00:34:25,262 [INFO] PluginManager:220 - loadIPPluginJar : add gfxmmu
2025-02-26 00:34:25,354 [INFO] IPUIPlugin:80 - create IPUIPlugin
2025-02-26 00:34:25,355 [INFO] PluginManager:220 - loadIPPluginJar : add gic
2025-02-26 00:34:25,367 [INFO] IPUIPlugin:80 - create IPUIPlugin
2025-02-26 00:34:25,367 [INFO] PluginManager:220 - loadIPPluginJar : add gpio
2025-02-26 00:34:25,431 [INFO] IPUIPlugin:80 - create IPUIPlugin
2025-02-26 00:34:25,431 [INFO] PluginManager:220 - loadIPPluginJar : add gtzc
2025-02-26 00:34:25,457 [INFO] IPUIPlugin:80 - create IPUIPlugin
2025-02-26 00:34:25,457 [INFO] PluginManager:220 - loadIPPluginJar : add hash
2025-02-26 00:34:25,496 [INFO] IPUIPlugin:80 - create IPUIPlugin
2025-02-26 00:34:25,496 [INFO] PluginManager:220 - loadIPPluginJar : add i2c
2025-02-26 00:34:25,526 [INFO] IPUIPlugin:80 - create IPUIPlugin
2025-02-26 00:34:25,526 [INFO] PluginManager:220 - loadIPPluginJar : add i2s
2025-02-26 00:34:25,557 [INFO] IPUIPlugin:80 - create IPUIPlugin
2025-02-26 00:34:25,557 [INFO] PluginManager:220 - loadIPPluginJar : add i3c
2025-02-26 00:34:25,630 [INFO] IPUIPlugin:80 - create IPUIPlugin
2025-02-26 00:34:25,630 [INFO] PluginManager:220 - loadIPPluginJar : add ipddr
2025-02-26 00:34:25,699 [INFO] IPUIPlugin:80 - create IPUIPlugin
2025-02-26 00:34:25,699 [INFO] PluginManager:220 - loadIPPluginJar : add linkedlist
2025-02-26 00:34:25,727 [INFO] IPUIPlugin:80 - create IPUIPlugin
2025-02-26 00:34:25,728 [INFO] PluginManager:220 - loadIPPluginJar : add lorawan
2025-02-26 00:34:25,754 [INFO] IPUIPlugin:80 - create IPUIPlugin
2025-02-26 00:34:25,755 [INFO] PluginManager:220 - loadIPPluginJar : add ltdc
2025-02-26 00:34:25,767 [INFO] IPUIPlugin:80 - create IPUIPlugin
2025-02-26 00:34:25,768 [INFO] PluginManager:220 - loadIPPluginJar : add mdma
2025-02-26 00:34:25,779 [INFO] IPUIPlugin:80 - create IPUIPlugin
2025-02-26 00:34:25,779 [INFO] PluginManager:220 - loadIPPluginJar : add nvic
2025-02-26 00:34:25,809 [INFO] IPUIPlugin:80 - create IPUIPlugin
2025-02-26 00:34:25,809 [INFO] PluginManager:220 - loadIPPluginJar : add opamp
2025-02-26 00:34:25,856 [INFO] IPUIPlugin:80 - create IPUIPlugin
2025-02-26 00:34:25,856 [INFO] PluginManager:220 - loadIPPluginJar : add openamp
2025-02-26 00:34:25,889 [INFO] IPUIPlugin:80 - create IPUIPlugin
2025-02-26 00:34:25,889 [INFO] PluginManager:220 - loadIPPluginJar : add pdm2pcm
2025-02-26 00:34:25,901 [INFO] IPUIPlugin:80 - create IPUIPlugin
2025-02-26 00:34:25,903 [INFO] PluginManager:220 - loadIPPluginJar : add plateformsettings
2025-02-26 00:34:25,922 [INFO] IPUIPlugin:80 - create IPUIPlugin
2025-02-26 00:34:25,922 [INFO] PluginManager:220 - loadIPPluginJar : add quadspi
2025-02-26 00:34:25,933 [INFO] IPUIPlugin:80 - create IPUIPlugin
2025-02-26 00:34:25,934 [INFO] PluginManager:220 - loadIPPluginJar : add resmgrutility
2025-02-26 00:34:25,968 [INFO] IPUIPlugin:80 - create IPUIPlugin
2025-02-26 00:34:25,969 [INFO] PluginManager:220 - loadIPPluginJar : add sai
2025-02-26 00:34:25,996 [INFO] IPUIPlugin:80 - create IPUIPlugin
2025-02-26 00:34:25,997 [INFO] PluginManager:220 - loadIPPluginJar : add spi
2025-02-26 00:34:26,046 [INFO] IPUIPlugin:80 - create IPUIPlugin
2025-02-26 00:34:26,046 [INFO] PluginManager:220 - loadIPPluginJar : add stm32_wpan
2025-02-26 00:34:26,068 [INFO] IPUIPlugin:80 - create IPUIPlugin
2025-02-26 00:34:26,068 [INFO] PluginManager:220 - loadIPPluginJar : add tim
2025-02-26 00:34:26,115 [INFO] IPUIPlugin:80 - create IPUIPlugin
2025-02-26 00:34:26,115 [INFO] PluginManager:220 - loadIPPluginJar : add touchsensing
2025-02-26 00:34:26,136 [INFO] IPUIPlugin:80 - create IPUIPlugin
2025-02-26 00:34:26,136 [INFO] PluginManager:220 - loadIPPluginJar : add tracer_emb
2025-02-26 00:34:26,158 [INFO] IPUIPlugin:80 - create IPUIPlugin
2025-02-26 00:34:26,159 [INFO] PluginManager:220 - loadIPPluginJar : add ts
2025-02-26 00:34:26,178 [INFO] IPUIPlugin:80 - create IPUIPlugin
2025-02-26 00:34:26,179 [INFO] PluginManager:220 - loadIPPluginJar : add tsc
2025-02-26 00:34:26,197 [INFO] IPUIPlugin:80 - create IPUIPlugin
2025-02-26 00:34:26,197 [INFO] PluginManager:220 - loadIPPluginJar : add ucpd
2025-02-26 00:34:26,231 [INFO] IPUIPlugin:80 - create IPUIPlugin
2025-02-26 00:34:26,231 [INFO] PluginManager:220 - loadIPPluginJar : add usart
2025-02-26 00:34:26,263 [INFO] IPUIPlugin:80 - create IPUIPlugin
2025-02-26 00:34:26,263 [INFO] PluginManager:220 - loadIPPluginJar : add usbx
2025-02-26 00:34:26,375 [INFO] CADModel:165 - CPN selected for project level
2025-02-26 00:34:26,376 [INFO] CADModel:114 - Register for checkConnection events
2025-02-26 00:34:26,376 [FATAL] Updater:308 - Updater called before beeing initialized
2025-02-26 00:34:26,376 [ERROR] CADModel:125 - Updater not yet initialized, retry later 
2025-02-26 00:34:26,493 [INFO] CADModel:165 - CPN selected for project level
2025-02-26 00:34:26,493 [INFO] CADModel:114 - Register for checkConnection events
2025-02-26 00:34:26,493 [FATAL] Updater:308 - Updater called before beeing initialized
2025-02-26 00:34:26,493 [ERROR] CADModel:125 - Updater not yet initialized, retry later 
2025-02-26 00:34:26,496 [FATAL] Updater:308 - Updater called before beeing initialized
2025-02-26 00:34:26,592 [FATAL] Updater:308 - Updater called before beeing initialized
2025-02-26 00:34:26,602 [INFO] DbMcusAds:53 - JSON generation date=Tue Dec 17 23:01:15 ICT 2024 (1734451275111)
2025-02-26 00:34:26,603 [FATAL] Updater:308 - Updater called before beeing initialized
2025-02-26 00:34:26,664 [WARN] DetailPanel:346 - Failed to get advertising image, set to default
2025-02-26 00:34:26,717 [FATAL] Updater:308 - Updater called before beeing initialized
2025-02-26 00:34:26,720 [FATAL] Updater:308 - Updater called before beeing initialized
2025-02-26 00:34:26,720 [FATAL] Updater:308 - Updater called before beeing initialized
2025-02-26 00:34:26,720 [WARN] DetailPanel:346 - Failed to get advertising image, set to default
2025-02-26 00:34:26,720 [FATAL] Updater:308 - Updater called before beeing initialized
2025-02-26 00:34:26,764 [ERROR] Updater:1120 - MainUpdater not yet initialized. External WinMGr cannot be set.
2025-02-26 00:34:26,773 [INFO] Updater:1056 - Updater Version found : 6.11.1
2025-02-26 00:34:26,789 [INFO] ApplicationProperties:184 - Using Application install path: C:\ST\STM32CubeIDE_1.15.1\STM32CubeIDE\plugins\com.st.stm32cube.common.mx_6.11.1.202404110753
2025-02-26 00:34:27,443 [INFO] ThirdPartyUpdaterWithRetryManager:70 - Updater plugin not ready yet. [2/15]
2025-02-26 00:34:28,369 [ERROR] LogOutputStream:75 - [STDERR_REDIRECT] Feb 26, 2025 12:34:28 AM java.util.prefs.WindowsPreferences <init>
2025-02-26 00:34:28,370 [ERROR] LogOutputStream:75 - [STDERR_REDIRECT] WARNING: Could not open/create prefs root node Software\JavaSoft\Prefs at root 0xffffffff80000002. Windows RegCreateKeyEx(...) returned error code 5.
2025-02-26 00:34:28,370 [ERROR] LogOutputStream:75 - [STDERR_REDIRECT] 
2025-02-26 00:34:28,616 [INFO] MainUpdater:2873 - connection check result : 10
2025-02-26 00:34:28,616 [INFO] MainUpdater:290 - Updater Check For Update Now.
2025-02-26 00:34:28,616 [INFO] MicroXplorer:498 - Change Database Version : DB.6.0.111
2025-02-26 00:34:28,633 [INFO] McuFinderGlobals:63 - Set McuFinder mode to 2 (CubeIDE integrated)
2025-02-26 00:34:28,646 [INFO] UserAuth:415 - Internet connection configuration mode: 1
2025-02-26 00:34:28,682 [INFO] JxBrowserEngine:152 - Initiate JxBrowser Engine with user profile folder
2025-02-26 00:34:28,802 [INFO] CheckServerUpdateThread:120 - End of CheckServer Thread
2025-02-26 00:34:30,602 [WARN] PackLoader:240 - Cannot read IP mode file for STMicroelectronics.FP-SNS-MOTENVWB1.1.4.0
2025-02-26 00:34:30,619 [WARN] PackLoader:240 - Cannot read IP mode file for STMicroelectronics.FP-ATR-ASTRA1.2.0.1
2025-02-26 00:34:30,634 [WARN] PackLoader:240 - Cannot read IP mode file for STMicroelectronics.X-CUBE-SMBUS.2.1.0
2025-02-26 00:34:30,648 [WARN] PackLoader:240 - Cannot read IP mode file for STMicroelectronics.X-CUBE-WB05N.1.1.0
2025-02-26 00:34:30,659 [WARN] PackLoader:240 - Cannot read IP mode file for STMicroelectronics.X-CUBE-TOUCHGFX.4.23.2
2025-02-26 00:34:30,696 [WARN] PackLoader:240 - Cannot read IP mode file for STMicroelectronics.X-CUBE-AZRTOS-F7.1.1.0
2025-02-26 00:34:30,751 [WARN] PackLoader:240 - Cannot read IP mode file for STMicroelectronics.X-CUBE-MEMS1.11.0.0
2025-02-26 00:34:30,852 [WARN] PackLoader:240 - Cannot read IP mode file for STMicroelectronics.FP-SNS-FLIGHT1.5.0.2
2025-02-26 00:34:30,866 [WARN] PackLoader:240 - Cannot read IP mode file for STMicroelectronics.X-CUBE-DISPLAY.3.0.0
2025-02-26 00:34:30,877 [WARN] PackLoader:240 - Cannot read IP mode file for STMicroelectronics.X-CUBE-BLE1.7.0.0
2025-02-26 00:34:30,888 [WARN] PackLoader:240 - Cannot read IP mode file for STMicroelectronics.X-CUBE-NFC10.1.0.0
2025-02-26 00:34:30,902 [WARN] PackLoader:240 - Cannot read IP mode file for STMicroelectronics.X-CUBE-BLEMGR.4.0.0
2025-02-26 00:34:30,915 [WARN] PackLoader:240 - Cannot read IP mode file for emotas.I-CUBE-CANOPEN.1.3.0
2025-02-26 00:34:30,931 [WARN] PackLoader:240 - Cannot read IP mode file for STMicroelectronics.X-CUBE-BLEMGR.3.1.0
2025-02-26 00:34:30,943 [WARN] PackLoader:240 - Cannot read IP mode file for STMicroelectronics.X-CUBE-AI.10.0.0
2025-02-26 00:34:30,954 [WARN] PackLoader:240 - Cannot read IP mode file for STMicroelectronics.FP-SNS-SMARTAG2.1.2.0
2025-02-26 00:34:31,000 [WARN] PackLoader:240 - Cannot read IP mode file for STMicroelectronics.X-CUBE-MEMS1.11.1.0
2025-02-26 00:34:31,115 [INFO] LogOutputStream:77 - [STDOUT_REDIRECT] 1 : Invalid condition id : UX_CORESTACK_Condition cause : null
2025-02-26 00:34:31,116 [INFO] LogOutputStream:77 - [STDOUT_REDIRECT] 1 : Invalid condition id : UX_CORESTACK_Condition cause : null
2025-02-26 00:34:31,118 [INFO] LogOutputStream:77 - [STDOUT_REDIRECT] 1 : Invalid condition id : UX_CORESTACK_Condition cause : null
2025-02-26 00:34:31,119 [INFO] LogOutputStream:77 - [STDOUT_REDIRECT] 1 : Invalid condition id : UX_CORESTACK_Condition cause : null
2025-02-26 00:34:31,121 [INFO] LogOutputStream:77 - [STDOUT_REDIRECT] 1 : Invalid condition id : UX_CORESTACK_Condition cause : null
2025-02-26 00:34:31,125 [WARN] PackLoader:240 - Cannot read IP mode file for STMicroelectronics.X-CUBE-AZRTOS-WL.2.0.0
2025-02-26 00:34:31,145 [WARN] PackLoader:240 - Cannot read IP mode file for STMicroelectronics.FP-SNS-MOTENV1.5.0.0
2025-02-26 00:34:31,160 [WARN] PackLoader:240 - Cannot read IP mode file for wolfSSL.I-CUBE-wolfMQTT.1.19.0
2025-02-26 00:34:31,176 [WARN] PackLoader:240 - Cannot read IP mode file for WES.I-CUBE-Cesium.1.3.0
2025-02-26 00:34:31,188 [WARN] PackLoader:240 - Cannot read IP mode file for STMicroelectronics.X-CUBE-BLE2.3.3.0
2025-02-26 00:34:31,205 [WARN] PackLoader:240 - Cannot read IP mode file for STMicroelectronics.X-CUBE-NFC9.1.0.0
2025-02-26 00:34:31,220 [WARN] PackLoader:240 - Cannot read IP mode file for STMicroelectronics.X-CUBE-TCPP.4.1.0
2025-02-26 00:34:31,245 [WARN] PackLoader:240 - Cannot read IP mode file for STMicroelectronics.X-CUBE-AZRTOS-G0.1.1.0
2025-02-26 00:34:31,258 [WARN] PackLoader:240 - Cannot read IP mode file for STMicroelectronics.X-CUBE-SAFEA1.1.2.2
2025-02-26 00:34:31,272 [WARN] PackLoader:240 - Cannot read IP mode file for STMicroelectronics.X-CUBE-NFC4.3.0.0
2025-02-26 00:34:31,290 [WARN] PackLoader:240 - Cannot read IP mode file for EmbeddedOffice.I-CUBE-FS-RTOS.1.0.1
2025-02-26 00:34:31,291 [ERROR] ConditionMgr:805 - Attr not supported : Dmpu
2025-02-26 00:34:31,291 [ERROR] ConditionMgr:805 - Attr not supported : Dmpu
2025-02-26 00:34:31,291 [ERROR] ConditionMgr:805 - Attr not supported : Dmpu
2025-02-26 00:34:31,291 [ERROR] ConditionMgr:805 - Attr not supported : Dmpu
2025-02-26 00:34:31,291 [ERROR] ConditionMgr:805 - Attr not supported : Dmpu
2025-02-26 00:34:31,291 [ERROR] ConditionMgr:805 - Attr not supported : Dmpu
2025-02-26 00:34:31,291 [ERROR] ConditionMgr:805 - Attr not supported : Dmpu
2025-02-26 00:34:31,291 [ERROR] ConditionMgr:805 - Attr not supported : Dmpu
2025-02-26 00:34:31,291 [ERROR] ConditionMgr:805 - Attr not supported : Dmpu
2025-02-26 00:34:31,291 [ERROR] ConditionMgr:805 - Attr not supported : Dmpu
2025-02-26 00:34:31,291 [ERROR] ConditionMgr:805 - Attr not supported : Dmpu
2025-02-26 00:34:31,291 [ERROR] ConditionMgr:805 - Attr not supported : Dmpu
2025-02-26 00:34:31,291 [ERROR] ConditionMgr:805 - Attr not supported : Dmpu
2025-02-26 00:34:31,291 [ERROR] ConditionMgr:805 - Attr not supported : Dmpu
2025-02-26 00:34:31,291 [ERROR] ConditionMgr:805 - Attr not supported : Dmpu
2025-02-26 00:34:31,291 [ERROR] ConditionMgr:805 - Attr not supported : Dmpu
2025-02-26 00:34:31,291 [ERROR] ConditionMgr:805 - Attr not supported : Dmpu
2025-02-26 00:34:31,291 [ERROR] ConditionMgr:805 - Attr not supported : Dmpu
2025-02-26 00:34:31,291 [ERROR] ConditionMgr:805 - Attr not supported : Dmpu
2025-02-26 00:34:31,291 [ERROR] ConditionMgr:805 - Attr not supported : Dmpu
2025-02-26 00:34:31,291 [ERROR] ConditionMgr:805 - Attr not supported : Dmpu
2025-02-26 00:34:31,291 [ERROR] ConditionMgr:805 - Attr not supported : Dmpu
2025-02-26 00:34:31,291 [ERROR] ConditionMgr:805 - Attr not supported : Dmpu
2025-02-26 00:34:31,291 [ERROR] ConditionMgr:805 - Attr not supported : Dmpu
2025-02-26 00:34:31,291 [ERROR] ConditionMgr:805 - Attr not supported : Dmpu
2025-02-26 00:34:31,291 [ERROR] ConditionMgr:805 - Attr not supported : Dmpu
2025-02-26 00:34:31,291 [ERROR] ConditionMgr:805 - Attr not supported : Dmpu
2025-02-26 00:34:31,291 [ERROR] ConditionMgr:805 - Attr not supported : Dmpu
2025-02-26 00:34:31,291 [ERROR] ConditionMgr:805 - Attr not supported : Dmpu
2025-02-26 00:34:31,292 [ERROR] ConditionMgr:805 - Attr not supported : Dmpu
2025-02-26 00:34:31,292 [ERROR] ConditionMgr:805 - Attr not supported : Dmpu
2025-02-26 00:34:31,292 [ERROR] ConditionMgr:805 - Attr not supported : Dmpu
2025-02-26 00:34:31,292 [ERROR] ConditionMgr:805 - Attr not supported : Dmpu
2025-02-26 00:34:31,292 [ERROR] ConditionMgr:805 - Attr not supported : Dmpu
2025-02-26 00:34:31,292 [ERROR] ConditionMgr:805 - Attr not supported : Dmpu
2025-02-26 00:34:31,292 [ERROR] ConditionMgr:805 - Attr not supported : Dmpu
2025-02-26 00:34:31,292 [ERROR] ConditionMgr:805 - Attr not supported : Dmpu
2025-02-26 00:34:31,292 [ERROR] ConditionMgr:805 - Attr not supported : Dmpu
2025-02-26 00:34:31,292 [ERROR] ConditionMgr:805 - Attr not supported : Dmpu
2025-02-26 00:34:31,292 [ERROR] ConditionMgr:805 - Attr not supported : Dmpu
2025-02-26 00:34:31,292 [ERROR] ConditionMgr:805 - Attr not supported : Dmpu
2025-02-26 00:34:31,292 [ERROR] ConditionMgr:805 - Attr not supported : Dmpu
2025-02-26 00:34:31,292 [ERROR] ConditionMgr:805 - Attr not supported : Dmpu
2025-02-26 00:34:31,292 [ERROR] ConditionMgr:805 - Attr not supported : Dmpu
2025-02-26 00:34:31,292 [ERROR] ConditionMgr:805 - Attr not supported : Dmpu
2025-02-26 00:34:31,292 [ERROR] ConditionMgr:805 - Attr not supported : Dmpu
2025-02-26 00:34:31,292 [ERROR] ConditionMgr:805 - Attr not supported : Dmpu
2025-02-26 00:34:31,292 [ERROR] ConditionMgr:805 - Attr not supported : Dmpu
2025-02-26 00:34:31,292 [ERROR] ConditionMgr:805 - Attr not supported : Dmpu
2025-02-26 00:34:31,292 [ERROR] ConditionMgr:805 - Attr not supported : Dmpu
2025-02-26 00:34:31,292 [ERROR] ConditionMgr:805 - Attr not supported : Dmpu
2025-02-26 00:34:31,292 [ERROR] ConditionMgr:805 - Attr not supported : Dmpu
2025-02-26 00:34:31,292 [ERROR] ConditionMgr:805 - Attr not supported : Dmpu
2025-02-26 00:34:31,292 [ERROR] ConditionMgr:805 - Attr not supported : Dmpu
2025-02-26 00:34:31,292 [ERROR] ConditionMgr:805 - Attr not supported : Dmpu
2025-02-26 00:34:31,292 [ERROR] ConditionMgr:805 - Attr not supported : Dmpu
2025-02-26 00:34:31,292 [ERROR] ConditionMgr:805 - Attr not supported : Dmpu
2025-02-26 00:34:31,292 [ERROR] ConditionMgr:805 - Attr not supported : Dmpu
2025-02-26 00:34:31,292 [ERROR] ConditionMgr:805 - Attr not supported : Dmpu
2025-02-26 00:34:31,292 [ERROR] ConditionMgr:805 - Attr not supported : Dmpu
2025-02-26 00:34:31,292 [ERROR] ConditionMgr:805 - Attr not supported : Dmpu
2025-02-26 00:34:31,292 [ERROR] ConditionMgr:805 - Attr not supported : Dmpu
2025-02-26 00:34:31,292 [ERROR] ConditionMgr:805 - Attr not supported : Dmpu
2025-02-26 00:34:31,292 [ERROR] ConditionMgr:805 - Attr not supported : Dmpu
2025-02-26 00:34:31,304 [ERROR] Engine:466 - C:\Users\lmthu\.stm32cubemx\thirdparties\pdsc\STMicroelectronics.X-CUBE-TCPP.4.2.0.pdsc: PDSC version is not supported
2025-02-26 00:34:31,315 [WARN] PackLoader:240 - Cannot read IP mode file for RealThread.X-CUBE-RT-Thread_Nano.4.1.1
2025-02-26 00:34:31,327 [WARN] PackLoader:240 - Cannot read IP mode file for wolfSSL.I-CUBE-wolfSSL.5.7.0
2025-02-26 00:34:31,338 [WARN] PackLoader:240 - Cannot read IP mode file for STMicroelectronics.FP-ATR-SIGFOX1.3.2.0
2025-02-26 00:34:31,349 [WARN] ConditionMgr:438 - getConditionDescription Invalid condition id : Cortex-A Device cause : null
2025-02-26 00:34:31,397 [WARN] ConditionMgr:1039 - genDependencies : Invalid condition id : Cortex-A Device cause : null
2025-02-26 00:34:31,399 [WARN] ConditionMgr:1039 - genDependencies : Invalid condition id : Cortex-A Device cause : null
2025-02-26 00:34:31,399 [WARN] ConditionMgr:1039 - genDependencies : Invalid condition id : Cortex-A Device cause : null
2025-02-26 00:34:31,413 [WARN] PackLoader:240 - Cannot read IP mode file for STMicroelectronics.X-CUBE-EEPRMA1.5.1.0
2025-02-26 00:34:31,426 [WARN] PackLoader:240 - Cannot read IP mode file for ITTIA_DB.I-CUBE-ITTIADB.8.9.0
2025-02-26 00:34:31,516 [WARN] PackLoader:240 - Cannot read IP mode file for SEGGER.I-CUBE-embOS.1.3.1
2025-02-26 00:34:31,557 [WARN] PackLoader:240 - Cannot read IP mode file for STMicroelectronics.X-CUBE-ALGOBUILD.1.4.0
2025-02-26 00:34:31,568 [WARN] PackLoader:240 - Cannot read IP mode file for STMicroelectronics.X-CUBE-AI.9.1.0
2025-02-26 00:34:31,580 [WARN] PackLoader:240 - Cannot read IP mode file for STMicroelectronics.X-CUBE-GNSS1.6.0.0
2025-02-26 00:34:31,599 [WARN] PackLoader:240 - Cannot read IP mode file for STMicroelectronics.X-CUBE-AZRTOS-F4.1.1.0
2025-02-26 00:34:31,610 [WARN] PackLoader:240 - Cannot read IP mode file for STMicroelectronics.X-CUBE-ISPU.2.1.0
2025-02-26 00:34:31,622 [WARN] PackLoader:240 - Cannot read IP mode file for STMicroelectronics.X-CUBE-FREERTOS.1.2.0
2025-02-26 00:34:31,650 [WARN] PackLoader:240 - Cannot read IP mode file for STMicroelectronics.X-CUBE-AZRTOS-L5.2.0.0
2025-02-26 00:34:31,672 [WARN] PackLoader:240 - Cannot read IP mode file for STMicroelectronics.X-CUBE-NFC6.3.1.0
2025-02-26 00:34:31,691 [WARN] PackLoader:240 - Cannot read IP mode file for STMicroelectronics.X-CUBE-DPower.1.2.0
2025-02-26 00:34:31,707 [WARN] PackLoader:240 - Cannot read IP mode file for STMicroelectronics.X-CUBE-AI.9.0.0
2025-02-26 00:34:31,722 [WARN] PackLoader:240 - Cannot read IP mode file for STMicroelectronics.X-CUBE-FREERTOS.1.3.0
2025-02-26 00:34:31,737 [WARN] PackLoader:240 - Cannot read IP mode file for STMicroelectronics.X-CUBE-NFC7.1.0.1
2025-02-26 00:34:31,749 [WARN] PackLoader:240 - Cannot read IP mode file for wolfSSL.I-CUBE-wolfTPM.3.2.0
2025-02-26 00:34:31,779 [WARN] ConditionMgr:438 - getConditionDescription Invalid condition id : LAN8742 Phy interface Condition cause : null
2025-02-26 00:34:31,779 [WARN] PackLoader:240 - Cannot read IP mode file for STMicroelectronics.X-CUBE-AZRTOS-L4.2.0.0
2025-02-26 00:34:31,781 [WARN] ConditionMgr:1039 - genDependencies : Invalid condition id : LAN8742 Phy interface Condition cause : null
2025-02-26 00:34:31,781 [WARN] ConditionMgr:1039 - genDependencies : Invalid condition id : LAN8742 Phy interface Condition cause : null
2025-02-26 00:34:31,782 [WARN] ConditionMgr:1039 - genDependencies : Invalid condition id : LAN8742 Phy interface Condition cause : null
2025-02-26 00:34:31,803 [WARN] PackLoader:240 - Cannot read IP mode file for STMicroelectronics.X-CUBE-SFXS2LP1.4.0.0
2025-02-26 00:34:31,837 [WARN] PackLoader:240 - Cannot read IP mode file for STMicroelectronics.X-CUBE-AZRTOS-H7.3.3.0
2025-02-26 00:34:31,856 [WARN] PackLoader:240 - Cannot read IP mode file for STMicroelectronics.X-CUBE-IPS.3.0.0
2025-02-26 00:34:31,876 [WARN] ConditionMgr:438 - getConditionDescription Invalid condition id : UX DEVICE CLASS RTOS Condition cause : null
2025-02-26 00:34:31,876 [WARN] ConditionMgr:438 - getConditionDescription Invalid condition id : UX DEVICE CLASS RTOS Condition cause : null
2025-02-26 00:34:31,877 [WARN] PackLoader:240 - Cannot read IP mode file for STMicroelectronics.X-CUBE-AZRTOS-WB.2.0.0
2025-02-26 00:34:31,877 [WARN] ConditionMgr:1039 - genDependencies : Invalid condition id : UX DEVICE CLASS RTOS Condition cause : null
2025-02-26 00:34:31,877 [WARN] ConditionMgr:1039 - genDependencies : Invalid condition id : UX DEVICE CLASS RTOS Condition cause : null
2025-02-26 00:34:31,877 [WARN] ConditionMgr:1039 - genDependencies : Invalid condition id : UX DEVICE CLASS RTOS Condition cause : null
2025-02-26 00:34:31,878 [WARN] ConditionMgr:1039 - genDependencies : Invalid condition id : UX DEVICE CLASS RTOS Condition cause : null
2025-02-26 00:34:31,878 [WARN] ConditionMgr:1039 - genDependencies : Invalid condition id : UX DEVICE CLASS RTOS Condition cause : null
2025-02-26 00:34:31,891 [WARN] PackLoader:240 - Cannot read IP mode file for STMicroelectronics.X-CUBE-GNSS1.7.0.0
2025-02-26 00:34:31,904 [WARN] PackLoader:240 - Cannot read IP mode file for STMicroelectronics.X-CUBE-GNSS1.7.0.1
2025-02-26 00:34:31,917 [WARN] PackLoader:240 - Cannot read IP mode file for STMicroelectronics.FP-SNS-STBOX1.2.0.0
2025-02-26 00:34:31,936 [WARN] PackLoader:240 - Cannot read IP mode file for STMicroelectronics.X-CUBE-SUBG2.5.0.0
2025-02-26 00:34:31,949 [WARN] PackLoader:240 - Cannot read IP mode file for Cesanta.I-CUBE-Mongoose.7.13.0
2025-02-26 00:34:31,966 [WARN] PackLoader:240 - Cannot read IP mode file for STMicroelectronics.X-CUBE-AZRTOS-G4.2.0.0
2025-02-26 00:34:31,977 [WARN] PackLoader:240 - Cannot read IP mode file for STMicroelectronics.X-CUBE-ISPU.2.0.0
2025-02-26 00:34:31,989 [ERROR] Engine:466 - C:\Users\lmthu\.stm32cubemx\thirdparties\pdsc\STMicroelectronics.X-CUBE-IPS.3.1.0.pdsc: PDSC version is not supported
2025-02-26 00:34:32,004 [WARN] PackLoader:240 - Cannot read IP mode file for STMicroelectronics.X-CUBE-ALS.1.0.2
2025-02-26 00:34:32,037 [WARN] PackLoader:240 - Cannot read IP mode file for STMicroelectronics.X-CUBE-MEMS1.10.0.0
2025-02-26 00:34:32,118 [WARN] PackLoader:240 - Cannot read IP mode file for STMicroelectronics.X-CUBE-TOUCHGFX.4.24.0
2025-02-26 00:34:32,130 [WARN] PackLoader:240 - Cannot read IP mode file for STMicroelectronics.X-CUBE-TOUCHGFX.4.24.2
2025-02-26 00:34:32,141 [WARN] PackLoader:240 - Cannot read IP mode file for STMicroelectronics.X-CUBE-TOUCHGFX.4.24.1
2025-02-26 00:34:32,153 [WARN] PackLoader:240 - Cannot read IP mode file for portGmbH.I-Cube-SoM-uGOAL.1.1.0
2025-02-26 00:34:32,164 [WARN] PackLoader:240 - Cannot read IP mode file for STMicroelectronics.X-CUBE-ALS.1.0.1
2025-02-26 00:34:32,182 [WARN] PackLoader:240 - Cannot read IP mode file for STMicroelectronics.X-CUBE-AZRTOS-H7RS.1.0.0
2025-02-26 00:34:32,195 [WARN] PackLoader:240 - Cannot read IP mode file for STMicroelectronics.FP-ATR-ASTRA1.2.0.0
2025-02-26 00:34:32,212 [WARN] PackLoader:240 - Cannot read IP mode file for STMicroelectronics.X-CUBE-TOF1.3.4.2
2025-02-26 00:34:32,234 [WARN] PackLoader:240 - Cannot read IP mode file for STMicroelectronics.X-CUBE-TOF1.3.4.1
2025-02-26 00:34:32,265 [WARN] PackLoader:240 - Cannot read IP mode file for STMicroelectronics.X-CUBE-AZRTOS-H7.3.2.0
2025-02-26 00:34:32,295 [WARN] PackLoader:240 - Cannot read IP mode file for Infineon.AIROC-Wi-Fi-Bluetooth-STM32.1.6.0
2025-02-26 00:34:32,316 [WARN] PackLoader:240 - Cannot read IP mode file for wolfSSL.I-CUBE-wolfSSH.1.4.17
2025-02-26 00:34:32,317 [INFO] ThirdParty:978 - Integrity check success = true
2025-02-26 00:34:32,317 [INFO] IntegrityCheckThread:100 - exiting critical section [integrity check]
2025-02-26 00:34:32,317 [INFO] IntegrityCheckThread:103 - End integrity checks thread
2025-02-26 00:34:32,519 [INFO] WebApp:161 - Instantiating new browser for Auth
2025-02-26 00:34:32,956 [INFO] WebApp:779 - Register for checkConnection events
2025-02-26 00:34:32,956 [INFO] WebApp:414 - Apply proxy settings
2025-02-26 00:34:32,957 [INFO] WebApp:499 - Chromium requires no authentication
2025-02-26 00:34:32,962 [INFO] WebApp:442 - Direct internet connection detected
2025-02-26 00:34:33,091 [INFO] WebApp:192 - Starting web application
2025-02-26 00:34:33,091 [INFO] WebApp:544 - Web application path used C:\ST\STM32CubeIDE_1.15.1\STM32CubeIDE\plugins\com.st.stm32cube.common.mx_6.11.1.202404110753\db\plugins\mcufinder\reactClient1\index.html
